                      (       loader.asm):00001             PRAGMA CD
                      (       loader.asm):00002         
                      (       loader.asm):00003         ;__LOADER_______________________________________________________
                      (       loader.asm):00004         ;
                      (       loader.asm):00005         ; This is a module that will wrap flex09 in a cp/m .COM program
                      (       loader.asm):00006         ; that will launce FLEX09 on the 6809 board.
                      (       loader.asm):00007         ;
                      (       loader.asm):00008         ;_______________________________________________________________
                      (       loader.asm):00009         
                      (       loader.asm):00010         
                      (       loader.asm):00011         ; this is Z80 code that is used to be able to run this as a .COM file.  It is truncated
                      (       loader.asm):00012         ; when the various .HEX files are generated
                      (       loader.asm):00013         ;
                      (       loader.asm):00014                       ORG       $DFE0
DFE0 F3               (       loader.asm):00015                         FCB             $F3                             ;DI - DISABLE INTERRUPTS
DFE1 010020           (       loader.asm):00016                         FCB             $01,$00,$20             ;LD     BC,$2000 -BYTES TO MOVE
DFE4 110044           (       loader.asm):00017                         FCB             $11,$00,$44             ;LD     DE,$6000 -DESTINATION ADDRESS (6809 IS !A15)
DFE7 212001           (       loader.asm):00018                         FCB             $21,$20,$01             ;LD     HL,$0120 -SOURCE ADDRESS
DFEA EDB0             (       loader.asm):00019                         FCB             $ED,$B0                 ;LDIR            -COPY RAM
DFEC DBF0             (       loader.asm):00020                         FCB             $DB,$F0                 ;IN     A,$F0    -ENABLE 6809
DFEE 0E00             (       loader.asm):00021                         FCB             $0E,$00                 ;LD     C,00H    -CP/M SYSTEM RESET CALL
DFF0 CD0500           (       loader.asm):00022                         FCB             $CD,$05,$00                     ;CALL   0005H    -RETURN TO PROMPT
                      (       loader.asm):00023         ;
                      (       loader.asm):00024         ;
                      (       loader.asm):00025         ;
                      (       loader.asm):00026         
                      (       loader.asm):00027                         END

Symbol Table:
