                      (       scream.asm):00001                 PRAGMA  CD
                      (       scream.asm):00002         
                      (       scream.asm):00003         ;__SCREAM_______________________________________________________
                      (       scream.asm):00004         ;
                      (       scream.asm):00005         ; This is a quick program that can be put on a ROM to test the
                      (       scream.asm):00006         ; 6809 board.
                      (       scream.asm):00007         ;
                      (       scream.asm):00008         ; It assumes that the 6809 board is set for IOPage 03.
                      (       scream.asm):00009         ; remember that bit A15 is inverted on the board so the dip switch is set to $83.
                      (       scream.asm):00010         ;
                      (       scream.asm):00011         ;
                      (       scream.asm):00012         ; If the SBC is the only CPU in the system, ensure that jumpers
                      (       scream.asm):00013         ; J1 and J2 are set for 1&2.   Then burn scrmrom.hex into EPROM.
                      (       scream.asm):00014         ;
                      (       scream.asm):00015         ; If the SBC is secondary to a Z80, the scrm.com file can be run from CP/M or the
                      (       scream.asm):00016         ; scream.hex file can be loaded from the monitor. Ensure that jumpers J1 and J4
                      (       scream.asm):00017         ; are set for 2&3, the 6502 toggle IO address is set for $FF and
                      (       scream.asm):00018         ; the 65C02 board is set for IOPage 03.
                      (       scream.asm):00019         ; remember that bit A15 is inverted on the board so the dip switch is set to $83.
                      (       scream.asm):00020         ;
                      (       scream.asm):00021         ; ** Note that this program will change the baud rate to 9600.
                      (       scream.asm):00022         ;
                      (       scream.asm):00023         ;
                      (       scream.asm):00024         ; to run from the MBC Z80 monitor
                      (       scream.asm):00025         ;
                      (       scream.asm):00026         ; first set the MPCL to allow RAM in the low bank
                      (       scream.asm):00027         ; >O 7C 80
                      (       scream.asm):00028         ; >O 78 80
                      (       scream.asm):00029         ;
                      (       scream.asm):00030         ; then load the .HEX file.
                      (       scream.asm):00031         ; >L
                      (       scream.asm):00032         ;
                      (       scream.asm):00033         ;
                      (       scream.asm):00034         ; Finally transfer control to the 6809 by reading the toggle register
                      (       scream.asm):00035         ; >I FF
                      (       scream.asm):00036         ;
                      (       scream.asm):00037         ; The '09 should reset and run this program
                      (       scream.asm):00038         ;
                      (       scream.asm):00039         ;_______________________________________________________________
                      (       scream.asm):00040         
                      (       scream.asm):00041         ; UART 16C550 SERIAL
     FE68             (       scream.asm):00042         UART0           EQU $FE68                         ; DATA IN/OUT
     FE69             (       scream.asm):00043         UART1           EQU $FE69                         ; CHECK RX
     FE6A             (       scream.asm):00044         UART2           EQU $FE6A                         ; INTERRUPTS
     FE6B             (       scream.asm):00045         UART3           EQU $FE6B                         ; LINE CONTROL
     FE6C             (       scream.asm):00046         UART4           EQU $FE6C                         ; MODEM CONTROL
     FE6D             (       scream.asm):00047         UART5           EQU $FE6D                         ; LINE STATUS
     FE6E             (       scream.asm):00048         UART6           EQU $FE6E                         ; MODEM STATUS
     FE6F             (       scream.asm):00049         UART7           EQU $FE6F                         ; SCRATCH REG.
                      (       scream.asm):00050         
                      (       scream.asm):00051         ; this is Z80 code that is used to be able to run this as a .COM file.  It is truncated
                      (       scream.asm):00052         ; when the various .HEX files are generated
                      (       scream.asm):00053         ;
                      (       scream.asm):00054                 ORG     $EFE0
EFE0 F3               (       scream.asm):00055                 FCB     $F3                               ;DI - DISABLE INTERRUPTS
EFE1 010010           (       scream.asm):00056                 FCB     $01,$00,$10                       ;LD   BC,$1000 -BYTES TO MOVE
EFE4 110070           (       scream.asm):00057                 FCB     $11,$00,$70                       ;LD   DE,$7000 -DESTINATION ADDRESS (6809 IS !A15)
EFE7 212001           (       scream.asm):00058                 FCB     $21,$20,$01                       ;LD   HL,$0120 -SOURCE ADDRESS
EFEA EDB0             (       scream.asm):00059                 FCB     $ED,$B0                           ;LDIR                  -COPY RAM
EFEC DBF0             (       scream.asm):00060                 FCB     $DB,$F0                           ;IN   A,$F0    -ENABLE 6809
EFEE 0E00             (       scream.asm):00061                 FCB     $0E,$00                           ;LD   C,00H    -CP/M SYSTEM RESET CALL
EFF0 CD0500           (       scream.asm):00062                 FCB     $CD,$05,$00                       ;CALL 0005H    -RETURN TO PROMPT
                      (       scream.asm):00063         ;
                      (       scream.asm):00064         ;
                      (       scream.asm):00065         ;
                      (       scream.asm):00066                 ORG     $F000
                      (       scream.asm):00067         
                      (       scream.asm):00068         ;__COLD_START___________________________________________________
                      (       scream.asm):00069         ;
                      (       scream.asm):00070         ; PERFORM SYSTEM COLD INIT
                      (       scream.asm):00071         ;
                      (       scream.asm):00072         ;_______________________________________________________________
F000                  (       scream.asm):00073         COLD_START:
F000                  (       scream.asm):00074         MAIN:
F000 10DE7F           (       scream.asm):00075 [6]             LDS     $007F                             ; RESET STACK POINTER
                      (       scream.asm):00076         ;       LDA             #$80            ;
                      (       scream.asm):00077         ;       STA             UART3           ; SET DLAB FLAG
                      (       scream.asm):00078         ;       LDA             #12                     ; SET TO 12 = 9600 BAUD
                      (       scream.asm):00079         ;       STA             UART0           ; save baud rate
                      (       scream.asm):00080         ;       LDA             #00                     ;
                      (       scream.asm):00081         ;       STA             UART1           ;
                      (       scream.asm):00082         ;       LDA             #03                     ;
                      (       scream.asm):00083         ;       STA             UART3           ; SET 8 BIT DATA, 1 STOPBIT
                      (       scream.asm):00084         ;       STA             UART4           ;
                      (       scream.asm):00085         
F003                  (       scream.asm):00086         SERIAL_OUTCH:
F003                  (       scream.asm):00087         TX_BUSYLP:
F003 B6FE6D           (       scream.asm):00088 [5]             LDA     UART5                             ; READ LINE STATUS REGISTER
F006 8420             (       scream.asm):00089 [2]             ANDA    #$20                              ; TEST IF UART IS READY TO SEND (BIT 5)
F008 8100             (       scream.asm):00090 [2]             CMPA    #$00
F00A 27F7             (       scream.asm):00091 [3]             BEQ     TX_BUSYLP                         ; IF NOT REPEAT
F00C 8641             (       scream.asm):00092 [2]             LDA     #'A
F00E B7FE68           (       scream.asm):00093 [5]             STA     UART0                             ; THEN WRITE THE CHAR TO UART
F011 B7FE68           (       scream.asm):00094 [5]             STA     UART0                             ; THEN WRITE THE CHAR TO UART
F014 B7FE68           (       scream.asm):00095 [5]             STA     UART0                             ; THEN WRITE THE CHAR TO UART
F017 B7FE68           (       scream.asm):00096 [5]             STA     UART0                             ; THEN WRITE THE CHAR TO UART
F01A B7FE68           (       scream.asm):00097 [5]             STA     UART0                             ; THEN WRITE THE CHAR TO UART
F01D B7FE68           (       scream.asm):00098 [5]             STA     UART0                             ; THEN WRITE THE CHAR TO UART
F020 B7FE68           (       scream.asm):00099 [5]             STA     UART0                             ; THEN WRITE THE CHAR TO UART
F023 B7FE68           (       scream.asm):00100 [5]             STA     UART0                             ; THEN WRITE THE CHAR TO UART
F026 B7FE68           (       scream.asm):00101 [5]             STA     UART0                             ; THEN WRITE THE CHAR TO UART
F029 B7FE68           (       scream.asm):00102 [5]             STA     UART0                             ; THEN WRITE THE CHAR TO UART
F02C B7FE68           (       scream.asm):00103 [5]             STA     UART0                             ; THEN WRITE THE CHAR TO UART
F02F B7FE68           (       scream.asm):00104 [5]             STA     UART0                             ; THEN WRITE THE CHAR TO UART
F032 B7FE68           (       scream.asm):00105 [5]             STA     UART0                             ; THEN WRITE THE CHAR TO UART
F035 B7FE68           (       scream.asm):00106 [5]             STA     UART0                             ; THEN WRITE THE CHAR TO UART
F038 B7FE68           (       scream.asm):00107 [5]             STA     UART0                             ; THEN WRITE THE CHAR TO UART
F03B B7FE68           (       scream.asm):00108 [5]             STA     UART0                             ; THEN WRITE THE CHAR TO UART
F03E B7FE68           (       scream.asm):00109 [5]             STA     UART0                             ; THEN WRITE THE CHAR TO UART
F041 B7FE68           (       scream.asm):00110 [5]             STA     UART0                             ; THEN WRITE THE CHAR TO UART
F044 B7FE68           (       scream.asm):00111 [5]             STA     UART0                             ; THEN WRITE THE CHAR TO UART
F047 B7FE68           (       scream.asm):00112 [5]             STA     UART0                             ; THEN WRITE THE CHAR TO UART
F04A B7FE68           (       scream.asm):00113 [5]             STA     UART0                             ; THEN WRITE THE CHAR TO UART
F04D B7FE68           (       scream.asm):00114 [5]             STA     UART0                             ; THEN WRITE THE CHAR TO UART
F050 B7FE68           (       scream.asm):00115 [5]             STA     UART0                             ; THEN WRITE THE CHAR TO UART
F053 B7FE68           (       scream.asm):00116 [5]             STA     UART0                             ; THEN WRITE THE CHAR TO UART
F056 B7FE68           (       scream.asm):00117 [5]             STA     UART0                             ; THEN WRITE THE CHAR TO UART
F059 B7FE68           (       scream.asm):00118 [5]             STA     UART0                             ; THEN WRITE THE CHAR TO UART
F05C B7FE68           (       scream.asm):00119 [5]             STA     UART0                             ; THEN WRITE THE CHAR TO UART
F05F B7FE68           (       scream.asm):00120 [5]             STA     UART0                             ; THEN WRITE THE CHAR TO UART
F062 B7FE68           (       scream.asm):00121 [5]             STA     UART0                             ; THEN WRITE THE CHAR TO UART
F065 B7FE68           (       scream.asm):00122 [5]             STA     UART0                             ; THEN WRITE THE CHAR TO UART
F068 B7FE68           (       scream.asm):00123 [5]             STA     UART0                             ; THEN WRITE THE CHAR TO UART
F06B B7FE68           (       scream.asm):00124 [5]             STA     UART0                             ; THEN WRITE THE CHAR TO UART
F06E B7FE68           (       scream.asm):00125 [5]             STA     UART0                             ; THEN WRITE THE CHAR TO UART
F071 B7FE68           (       scream.asm):00126 [5]             STA     UART0                             ; THEN WRITE THE CHAR TO UART
F074 B7FE68           (       scream.asm):00127 [5]             STA     UART0                             ; THEN WRITE THE CHAR TO UART
F077 B7FE68           (       scream.asm):00128 [5]             STA     UART0                             ; THEN WRITE THE CHAR TO UART
F07A B7FE68           (       scream.asm):00129 [5]             STA     UART0                             ; THEN WRITE THE CHAR TO UART
F07D B7FE68           (       scream.asm):00130 [5]             STA     UART0                             ; THEN WRITE THE CHAR TO UART
F080 B7FE68           (       scream.asm):00131 [5]             STA     UART0                             ; THEN WRITE THE CHAR TO UART
F083 B7FE68           (       scream.asm):00132 [5]             STA     UART0                             ; THEN WRITE THE CHAR TO UART
F086 B7FE68           (       scream.asm):00133 [5]             STA     UART0                             ; THEN WRITE THE CHAR TO UART
F089 B7FE68           (       scream.asm):00134 [5]             STA     UART0                             ; THEN WRITE THE CHAR TO UART
F08C B7FE68           (       scream.asm):00135 [5]             STA     UART0                             ; THEN WRITE THE CHAR TO UART
F08F B7FE68           (       scream.asm):00136 [5]             STA     UART0                             ; THEN WRITE THE CHAR TO UART
F092 B7FE68           (       scream.asm):00137 [5]             STA     UART0                             ; THEN WRITE THE CHAR TO UART
F095 B7FE68           (       scream.asm):00138 [5]             STA     UART0                             ; THEN WRITE THE CHAR TO UART
F098 B7FE68           (       scream.asm):00139 [5]             STA     UART0                             ; THEN WRITE THE CHAR TO UART
F09B B7FE68           (       scream.asm):00140 [5]             STA     UART0                             ; THEN WRITE THE CHAR TO UART
F09E B7FE68           (       scream.asm):00141 [5]             STA     UART0                             ; THEN WRITE THE CHAR TO UART
F0A1 B7FE68           (       scream.asm):00142 [5]             STA     UART0                             ; THEN WRITE THE CHAR TO UART
F0A4 B7FE68           (       scream.asm):00143 [5]             STA     UART0                             ; THEN WRITE THE CHAR TO UART
F0A7 B7FE68           (       scream.asm):00144 [5]             STA     UART0                             ; THEN WRITE THE CHAR TO UART
F0AA B7FE68           (       scream.asm):00145 [5]             STA     UART0                             ; THEN WRITE THE CHAR TO UART
F0AD B7FE68           (       scream.asm):00146 [5]             STA     UART0                             ; THEN WRITE THE CHAR TO UART
F0B0 B7FE68           (       scream.asm):00147 [5]             STA     UART0                             ; THEN WRITE THE CHAR TO UART
F0B3 B7FE68           (       scream.asm):00148 [5]             STA     UART0                             ; THEN WRITE THE CHAR TO UART
F0B6 B7FE68           (       scream.asm):00149 [5]             STA     UART0                             ; THEN WRITE THE CHAR TO UART
F0B9 B7FE68           (       scream.asm):00150 [5]             STA     UART0                             ; THEN WRITE THE CHAR TO UART
F0BC B7FE68           (       scream.asm):00151 [5]             STA     UART0                             ; THEN WRITE THE CHAR TO UART
F0BF B7FE68           (       scream.asm):00152 [5]             STA     UART0                             ; THEN WRITE THE CHAR TO UART
F0C2 B7FE68           (       scream.asm):00153 [5]             STA     UART0                             ; THEN WRITE THE CHAR TO UART
F0C5 B7FE68           (       scream.asm):00154 [5]             STA     UART0                             ; THEN WRITE THE CHAR TO UART
F0C8 B7FE68           (       scream.asm):00155 [5]             STA     UART0                             ; THEN WRITE THE CHAR TO UART
F0CB B7FE68           (       scream.asm):00156 [5]             STA     UART0                             ; THEN WRITE THE CHAR TO UART
F0CE B7FE68           (       scream.asm):00157 [5]             STA     UART0                             ; THEN WRITE THE CHAR TO UART
F0D1 B7FE68           (       scream.asm):00158 [5]             STA     UART0                             ; THEN WRITE THE CHAR TO UART
F0D4 B7FE68           (       scream.asm):00159 [5]             STA     UART0                             ; THEN WRITE THE CHAR TO UART
F0D7 B7FE68           (       scream.asm):00160 [5]             STA     UART0                             ; THEN WRITE THE CHAR TO UART
F0DA B7FE68           (       scream.asm):00161 [5]             STA     UART0                             ; THEN WRITE THE CHAR TO UART
F0DD B7FE68           (       scream.asm):00162 [5]             STA     UART0                             ; THEN WRITE THE CHAR TO UART
F0E0 B7FE68           (       scream.asm):00163 [5]             STA     UART0                             ; THEN WRITE THE CHAR TO UART
F0E3 B7FE68           (       scream.asm):00164 [5]             STA     UART0                             ; THEN WRITE THE CHAR TO UART
F0E6 B7FE68           (       scream.asm):00165 [5]             STA     UART0                             ; THEN WRITE THE CHAR TO UART
F0E9 B7FE68           (       scream.asm):00166 [5]             STA     UART0                             ; THEN WRITE THE CHAR TO UART
F0EC B7FE68           (       scream.asm):00167 [5]             STA     UART0                             ; THEN WRITE THE CHAR TO UART
F0EF B7FE68           (       scream.asm):00168 [5]             STA     UART0                             ; THEN WRITE THE CHAR TO UART
F0F2 B7FE68           (       scream.asm):00169 [5]             STA     UART0                             ; THEN WRITE THE CHAR TO UART
F0F5 B7FE68           (       scream.asm):00170 [5]             STA     UART0                             ; THEN WRITE THE CHAR TO UART
F0F8 B7FE68           (       scream.asm):00171 [5]             STA     UART0                             ; THEN WRITE THE CHAR TO UART
F0FB B7FE68           (       scream.asm):00172 [5]             STA     UART0                             ; THEN WRITE THE CHAR TO UART
F0FE B7FE68           (       scream.asm):00173 [5]             STA     UART0                             ; THEN WRITE THE CHAR TO UART
F101 B7FE68           (       scream.asm):00174 [5]             STA     UART0                             ; THEN WRITE THE CHAR TO UART
F104 B7FE68           (       scream.asm):00175 [5]             STA     UART0                             ; THEN WRITE THE CHAR TO UART
F107 B7FE68           (       scream.asm):00176 [5]             STA     UART0                             ; THEN WRITE THE CHAR TO UART
F10A B7FE68           (       scream.asm):00177 [5]             STA     UART0                             ; THEN WRITE THE CHAR TO UART
F10D B7FE68           (       scream.asm):00178 [5]             STA     UART0                             ; THEN WRITE THE CHAR TO UART
F110 B7FE68           (       scream.asm):00179 [5]             STA     UART0                             ; THEN WRITE THE CHAR TO UART
F113 B7FE68           (       scream.asm):00180 [5]             STA     UART0                             ; THEN WRITE THE CHAR TO UART
F116 B7FE68           (       scream.asm):00181 [5]             STA     UART0                             ; THEN WRITE THE CHAR TO UART
F119 B7FE68           (       scream.asm):00182 [5]             STA     UART0                             ; THEN WRITE THE CHAR TO UART
F11C B7FE68           (       scream.asm):00183 [5]             STA     UART0                             ; THEN WRITE THE CHAR TO UART
F11F B7FE68           (       scream.asm):00184 [5]             STA     UART0                             ; THEN WRITE THE CHAR TO UART
F122 B7FE68           (       scream.asm):00185 [5]             STA     UART0                             ; THEN WRITE THE CHAR TO UART
F125 B7FE68           (       scream.asm):00186 [5]             STA     UART0                             ; THEN WRITE THE CHAR TO UART
F128 B7FE68           (       scream.asm):00187 [5]             STA     UART0                             ; THEN WRITE THE CHAR TO UART
F12B B7FE68           (       scream.asm):00188 [5]             STA     UART0                             ; THEN WRITE THE CHAR TO UART
F12E B7FE68           (       scream.asm):00189 [5]             STA     UART0                             ; THEN WRITE THE CHAR TO UART
F131 B7FE68           (       scream.asm):00190 [5]             STA     UART0                             ; THEN WRITE THE CHAR TO UART
F134 B7FE68           (       scream.asm):00191 [5]             STA     UART0                             ; THEN WRITE THE CHAR TO UART
F137 B7FE68           (       scream.asm):00192 [5]             STA     UART0                             ; THEN WRITE THE CHAR TO UART
F13A B7FE68           (       scream.asm):00193 [5]             STA     UART0                             ; THEN WRITE THE CHAR TO UART
F13D B7FE68           (       scream.asm):00194 [5]             STA     UART0                             ; THEN WRITE THE CHAR TO UART
F140 B7FE68           (       scream.asm):00195 [5]             STA     UART0                             ; THEN WRITE THE CHAR TO UART
F143 B7FE68           (       scream.asm):00196 [5]             STA     UART0                             ; THEN WRITE THE CHAR TO UART
F146 B7FE68           (       scream.asm):00197 [5]             STA     UART0                             ; THEN WRITE THE CHAR TO UART
F149 B7FE68           (       scream.asm):00198 [5]             STA     UART0                             ; THEN WRITE THE CHAR TO UART
F14C B7FE68           (       scream.asm):00199 [5]             STA     UART0                             ; THEN WRITE THE CHAR TO UART
F14F B7FE68           (       scream.asm):00200 [5]             STA     UART0                             ; THEN WRITE THE CHAR TO UART
F152 B7FE68           (       scream.asm):00201 [5]             STA     UART0                             ; THEN WRITE THE CHAR TO UART
F155 B7FE68           (       scream.asm):00202 [5]             STA     UART0                             ; THEN WRITE THE CHAR TO UART
F158 B7FE68           (       scream.asm):00203 [5]             STA     UART0                             ; THEN WRITE THE CHAR TO UART
F15B B7FE68           (       scream.asm):00204 [5]             STA     UART0                             ; THEN WRITE THE CHAR TO UART
F15E B7FE68           (       scream.asm):00205 [5]             STA     UART0                             ; THEN WRITE THE CHAR TO UART
F161 B7FE68           (       scream.asm):00206 [5]             STA     UART0                             ; THEN WRITE THE CHAR TO UART
F164 B7FE68           (       scream.asm):00207 [5]             STA     UART0                             ; THEN WRITE THE CHAR TO UART
F167 B7FE68           (       scream.asm):00208 [5]             STA     UART0                             ; THEN WRITE THE CHAR TO UART
F16A B7FE68           (       scream.asm):00209 [5]             STA     UART0                             ; THEN WRITE THE CHAR TO UART
F16D B7FE68           (       scream.asm):00210 [5]             STA     UART0                             ; THEN WRITE THE CHAR TO UART
F170 B7FE68           (       scream.asm):00211 [5]             STA     UART0                             ; THEN WRITE THE CHAR TO UART
F173 B7FE68           (       scream.asm):00212 [5]             STA     UART0                             ; THEN WRITE THE CHAR TO UART
F176 B7FE68           (       scream.asm):00213 [5]             STA     UART0                             ; THEN WRITE THE CHAR TO UART
F179 B7FE68           (       scream.asm):00214 [5]             STA     UART0                             ; THEN WRITE THE CHAR TO UART
F17C B7FE68           (       scream.asm):00215 [5]             STA     UART0                             ; THEN WRITE THE CHAR TO UART
F17F B7FE68           (       scream.asm):00216 [5]             STA     UART0                             ; THEN WRITE THE CHAR TO UART
F182 B7FE68           (       scream.asm):00217 [5]             STA     UART0                             ; THEN WRITE THE CHAR TO UART
F185 B7FE68           (       scream.asm):00218 [5]             STA     UART0                             ; THEN WRITE THE CHAR TO UART
F188 B7FE68           (       scream.asm):00219 [5]             STA     UART0                             ; THEN WRITE THE CHAR TO UART
F18B B7FE68           (       scream.asm):00220 [5]             STA     UART0                             ; THEN WRITE THE CHAR TO UART
F18E B7FE68           (       scream.asm):00221 [5]             STA     UART0                             ; THEN WRITE THE CHAR TO UART
F191 B7FE68           (       scream.asm):00222 [5]             STA     UART0                             ; THEN WRITE THE CHAR TO UART
F194 B7FE68           (       scream.asm):00223 [5]             STA     UART0                             ; THEN WRITE THE CHAR TO UART
F197 B7FE68           (       scream.asm):00224 [5]             STA     UART0                             ; THEN WRITE THE CHAR TO UART
F19A B7FE68           (       scream.asm):00225 [5]             STA     UART0                             ; THEN WRITE THE CHAR TO UART
F19D B7FE68           (       scream.asm):00226 [5]             STA     UART0                             ; THEN WRITE THE CHAR TO UART
F1A0 B7FE68           (       scream.asm):00227 [5]             STA     UART0                             ; THEN WRITE THE CHAR TO UART
F1A3 B7FE68           (       scream.asm):00228 [5]             STA     UART0                             ; THEN WRITE THE CHAR TO UART
F1A6 B7FE68           (       scream.asm):00229 [5]             STA     UART0                             ; THEN WRITE THE CHAR TO UART
F1A9 B7FE68           (       scream.asm):00230 [5]             STA     UART0                             ; THEN WRITE THE CHAR TO UART
F1AC B7FE68           (       scream.asm):00231 [5]             STA     UART0                             ; THEN WRITE THE CHAR TO UART
F1AF B7FE68           (       scream.asm):00232 [5]             STA     UART0                             ; THEN WRITE THE CHAR TO UART
F1B2 B7FE68           (       scream.asm):00233 [5]             STA     UART0                             ; THEN WRITE THE CHAR TO UART
F1B5 B7FE68           (       scream.asm):00234 [5]             STA     UART0                             ; THEN WRITE THE CHAR TO UART
F1B8 B7FE68           (       scream.asm):00235 [5]             STA     UART0                             ; THEN WRITE THE CHAR TO UART
F1BB B7FE68           (       scream.asm):00236 [5]             STA     UART0                             ; THEN WRITE THE CHAR TO UART
F1BE B7FE68           (       scream.asm):00237 [5]             STA     UART0                             ; THEN WRITE THE CHAR TO UART
F1C1 B7FE68           (       scream.asm):00238 [5]             STA     UART0                             ; THEN WRITE THE CHAR TO UART
F1C4 B7FE68           (       scream.asm):00239 [5]             STA     UART0                             ; THEN WRITE THE CHAR TO UART
F1C7 B7FE68           (       scream.asm):00240 [5]             STA     UART0                             ; THEN WRITE THE CHAR TO UART
F1CA B7FE68           (       scream.asm):00241 [5]             STA     UART0                             ; THEN WRITE THE CHAR TO UART
F1CD B7FE68           (       scream.asm):00242 [5]             STA     UART0                             ; THEN WRITE THE CHAR TO UART
F1D0 B7FE68           (       scream.asm):00243 [5]             STA     UART0                             ; THEN WRITE THE CHAR TO UART
F1D3 B7FE68           (       scream.asm):00244 [5]             STA     UART0                             ; THEN WRITE THE CHAR TO UART
F1D6 B7FE68           (       scream.asm):00245 [5]             STA     UART0                             ; THEN WRITE THE CHAR TO UART
F1D9 B7FE68           (       scream.asm):00246 [5]             STA     UART0                             ; THEN WRITE THE CHAR TO UART
F1DC B7FE68           (       scream.asm):00247 [5]             STA     UART0                             ; THEN WRITE THE CHAR TO UART
F1DF B7FE68           (       scream.asm):00248 [5]             STA     UART0                             ; THEN WRITE THE CHAR TO UART
F1E2 B7FE68           (       scream.asm):00249 [5]             STA     UART0                             ; THEN WRITE THE CHAR TO UART
F1E5 B7FE68           (       scream.asm):00250 [5]             STA     UART0                             ; THEN WRITE THE CHAR TO UART
F1E8 B7FE68           (       scream.asm):00251 [5]             STA     UART0                             ; THEN WRITE THE CHAR TO UART
F1EB B7FE68           (       scream.asm):00252 [5]             STA     UART0                             ; THEN WRITE THE CHAR TO UART
F1EE B7FE68           (       scream.asm):00253 [5]             STA     UART0                             ; THEN WRITE THE CHAR TO UART
F1F1 B7FE68           (       scream.asm):00254 [5]             STA     UART0                             ; THEN WRITE THE CHAR TO UART
F1F4 B7FE68           (       scream.asm):00255 [5]             STA     UART0                             ; THEN WRITE THE CHAR TO UART
F1F7 B7FE68           (       scream.asm):00256 [5]             STA     UART0                             ; THEN WRITE THE CHAR TO UART
F1FA B7FE68           (       scream.asm):00257 [5]             STA     UART0                             ; THEN WRITE THE CHAR TO UART
F1FD B7FE68           (       scream.asm):00258 [5]             STA     UART0                             ; THEN WRITE THE CHAR TO UART
F200 B7FE68           (       scream.asm):00259 [5]             STA     UART0                             ; THEN WRITE THE CHAR TO UART
F203 B7FE68           (       scream.asm):00260 [5]             STA     UART0                             ; THEN WRITE THE CHAR TO UART
F206 B7FE68           (       scream.asm):00261 [5]             STA     UART0                             ; THEN WRITE THE CHAR TO UART
F209 B7FE68           (       scream.asm):00262 [5]             STA     UART0                             ; THEN WRITE THE CHAR TO UART
F20C B7FE68           (       scream.asm):00263 [5]             STA     UART0                             ; THEN WRITE THE CHAR TO UART
F20F B7FE68           (       scream.asm):00264 [5]             STA     UART0                             ; THEN WRITE THE CHAR TO UART
F212 B7FE68           (       scream.asm):00265 [5]             STA     UART0                             ; THEN WRITE THE CHAR TO UART
F215 B7FE68           (       scream.asm):00266 [5]             STA     UART0                             ; THEN WRITE THE CHAR TO UART
F218 B7FE68           (       scream.asm):00267 [5]             STA     UART0                             ; THEN WRITE THE CHAR TO UART
F21B B7FE68           (       scream.asm):00268 [5]             STA     UART0                             ; THEN WRITE THE CHAR TO UART
F21E B7FE68           (       scream.asm):00269 [5]             STA     UART0                             ; THEN WRITE THE CHAR TO UART
F221 B7FE68           (       scream.asm):00270 [5]             STA     UART0                             ; THEN WRITE THE CHAR TO UART
F224 B7FE68           (       scream.asm):00271 [5]             STA     UART0                             ; THEN WRITE THE CHAR TO UART
F227 B7FE68           (       scream.asm):00272 [5]             STA     UART0                             ; THEN WRITE THE CHAR TO UART
F22A B7FE68           (       scream.asm):00273 [5]             STA     UART0                             ; THEN WRITE THE CHAR TO UART
F22D B7FE68           (       scream.asm):00274 [5]             STA     UART0                             ; THEN WRITE THE CHAR TO UART
F230 B7FE68           (       scream.asm):00275 [5]             STA     UART0                             ; THEN WRITE THE CHAR TO UART
F233 B7FE68           (       scream.asm):00276 [5]             STA     UART0                             ; THEN WRITE THE CHAR TO UART
F236 B7FE68           (       scream.asm):00277 [5]             STA     UART0                             ; THEN WRITE THE CHAR TO UART
F239 B7FE68           (       scream.asm):00278 [5]             STA     UART0                             ; THEN WRITE THE CHAR TO UART
F23C B7FE68           (       scream.asm):00279 [5]             STA     UART0                             ; THEN WRITE THE CHAR TO UART
F23F B7FE68           (       scream.asm):00280 [5]             STA     UART0                             ; THEN WRITE THE CHAR TO UART
F242 B7FE68           (       scream.asm):00281 [5]             STA     UART0                             ; THEN WRITE THE CHAR TO UART
F245 B7FE68           (       scream.asm):00282 [5]             STA     UART0                             ; THEN WRITE THE CHAR TO UART
F248 B7FE68           (       scream.asm):00283 [5]             STA     UART0                             ; THEN WRITE THE CHAR TO UART
F24B B7FE68           (       scream.asm):00284 [5]             STA     UART0                             ; THEN WRITE THE CHAR TO UART
F24E B7FE68           (       scream.asm):00285 [5]             STA     UART0                             ; THEN WRITE THE CHAR TO UART
F251 B7FE68           (       scream.asm):00286 [5]             STA     UART0                             ; THEN WRITE THE CHAR TO UART
F254 B7FE68           (       scream.asm):00287 [5]             STA     UART0                             ; THEN WRITE THE CHAR TO UART
F257 B7FE68           (       scream.asm):00288 [5]             STA     UART0                             ; THEN WRITE THE CHAR TO UART
F25A B7FE68           (       scream.asm):00289 [5]             STA     UART0                             ; THEN WRITE THE CHAR TO UART
F25D B7FE68           (       scream.asm):00290 [5]             STA     UART0                             ; THEN WRITE THE CHAR TO UART
F260 B7FE68           (       scream.asm):00291 [5]             STA     UART0                             ; THEN WRITE THE CHAR TO UART
F263 B7FE68           (       scream.asm):00292 [5]             STA     UART0                             ; THEN WRITE THE CHAR TO UART
F266 B7FE68           (       scream.asm):00293 [5]             STA     UART0                             ; THEN WRITE THE CHAR TO UART
F269 B7FE68           (       scream.asm):00294 [5]             STA     UART0                             ; THEN WRITE THE CHAR TO UART
F26C B7FE68           (       scream.asm):00295 [5]             STA     UART0                             ; THEN WRITE THE CHAR TO UART
F26F B7FE68           (       scream.asm):00296 [5]             STA     UART0                             ; THEN WRITE THE CHAR TO UART
F272 B7FE68           (       scream.asm):00297 [5]             STA     UART0                             ; THEN WRITE THE CHAR TO UART
F275 B7FE68           (       scream.asm):00298 [5]             STA     UART0                             ; THEN WRITE THE CHAR TO UART
F278 B7FE68           (       scream.asm):00299 [5]             STA     UART0                             ; THEN WRITE THE CHAR TO UART
F27B B7FE68           (       scream.asm):00300 [5]             STA     UART0                             ; THEN WRITE THE CHAR TO UART
F27E B7FE68           (       scream.asm):00301 [5]             STA     UART0                             ; THEN WRITE THE CHAR TO UART
F281 B7FE68           (       scream.asm):00302 [5]             STA     UART0                             ; THEN WRITE THE CHAR TO UART
F284 B7FE68           (       scream.asm):00303 [5]             STA     UART0                             ; THEN WRITE THE CHAR TO UART
F287 B7FE68           (       scream.asm):00304 [5]             STA     UART0                             ; THEN WRITE THE CHAR TO UART
F28A B7FE68           (       scream.asm):00305 [5]             STA     UART0                             ; THEN WRITE THE CHAR TO UART
F28D B7FE68           (       scream.asm):00306 [5]             STA     UART0                             ; THEN WRITE THE CHAR TO UART
F290 B7FE68           (       scream.asm):00307 [5]             STA     UART0                             ; THEN WRITE THE CHAR TO UART
F293 B7FE68           (       scream.asm):00308 [5]             STA     UART0                             ; THEN WRITE THE CHAR TO UART
F296 B7FE68           (       scream.asm):00309 [5]             STA     UART0                             ; THEN WRITE THE CHAR TO UART
F299 B7FE68           (       scream.asm):00310 [5]             STA     UART0                             ; THEN WRITE THE CHAR TO UART
F29C B7FE68           (       scream.asm):00311 [5]             STA     UART0                             ; THEN WRITE THE CHAR TO UART
F29F B7FE68           (       scream.asm):00312 [5]             STA     UART0                             ; THEN WRITE THE CHAR TO UART
F2A2 B7FE68           (       scream.asm):00313 [5]             STA     UART0                             ; THEN WRITE THE CHAR TO UART
F2A5 B7FE68           (       scream.asm):00314 [5]             STA     UART0                             ; THEN WRITE THE CHAR TO UART
F2A8 B7FE68           (       scream.asm):00315 [5]             STA     UART0                             ; THEN WRITE THE CHAR TO UART
F2AB B7FE68           (       scream.asm):00316 [5]             STA     UART0                             ; THEN WRITE THE CHAR TO UART
F2AE B7FE68           (       scream.asm):00317 [5]             STA     UART0                             ; THEN WRITE THE CHAR TO UART
F2B1 B7FE68           (       scream.asm):00318 [5]             STA     UART0                             ; THEN WRITE THE CHAR TO UART
F2B4 B7FE68           (       scream.asm):00319 [5]             STA     UART0                             ; THEN WRITE THE CHAR TO UART
F2B7 B7FE68           (       scream.asm):00320 [5]             STA     UART0                             ; THEN WRITE THE CHAR TO UART
F2BA B7FE68           (       scream.asm):00321 [5]             STA     UART0                             ; THEN WRITE THE CHAR TO UART
F2BD B7FE68           (       scream.asm):00322 [5]             STA     UART0                             ; THEN WRITE THE CHAR TO UART
F2C0 B7FE68           (       scream.asm):00323 [5]             STA     UART0                             ; THEN WRITE THE CHAR TO UART
F2C3 B7FE68           (       scream.asm):00324 [5]             STA     UART0                             ; THEN WRITE THE CHAR TO UART
F2C6 B7FE68           (       scream.asm):00325 [5]             STA     UART0                             ; THEN WRITE THE CHAR TO UART
F2C9 B7FE68           (       scream.asm):00326 [5]             STA     UART0                             ; THEN WRITE THE CHAR TO UART
F2CC B7FE68           (       scream.asm):00327 [5]             STA     UART0                             ; THEN WRITE THE CHAR TO UART
F2CF B7FE68           (       scream.asm):00328 [5]             STA     UART0                             ; THEN WRITE THE CHAR TO UART
F2D2 B7FE68           (       scream.asm):00329 [5]             STA     UART0                             ; THEN WRITE THE CHAR TO UART
F2D5 B7FE68           (       scream.asm):00330 [5]             STA     UART0                             ; THEN WRITE THE CHAR TO UART
F2D8 B7FE68           (       scream.asm):00331 [5]             STA     UART0                             ; THEN WRITE THE CHAR TO UART
F2DB B7FE68           (       scream.asm):00332 [5]             STA     UART0                             ; THEN WRITE THE CHAR TO UART
F2DE B7FE68           (       scream.asm):00333 [5]             STA     UART0                             ; THEN WRITE THE CHAR TO UART
F2E1 7EF003           (       scream.asm):00334 [4]             JMP     SERIAL_OUTCH
                      (       scream.asm):00335         
                      (       scream.asm):00336                 ORG     $FFFE                             ; SET RESET VECTOR TO
                      (       scream.asm):00337         
                      (       scream.asm):00338         
FFFE                  (       scream.asm):00339         RESETV:
FFFE F000             (       scream.asm):00340                 FDB     $F000
                      (       scream.asm):00341         
                      (       scream.asm):00342                 END

Symbol Table:
[ G] COLD_START                       F000
[ G] MAIN                             F000
[ G] RESETV                           FFFE
[ G] SERIAL_OUTCH                     F003
[ G] TX_BUSYLP                        F003
[ G] UART0                            FE68
[ G] UART1                            FE69
[ G] UART2                            FE6A
[ G] UART3                            FE6B
[ G] UART4                            FE6C
[ G] UART5                            FE6D
[ G] UART6                            FE6E
[ G] UART7                            FE6F
