                      (   cubix_boot.asm):00001         ;________________________________________________________________________________________________________________________________
                      (   cubix_boot.asm):00002         ;
                      (   cubix_boot.asm):00003         ;       Duodyne CUBIX Boot loader
                      (   cubix_boot.asm):00004         ;
                      (   cubix_boot.asm):00005         ; DWERNER 01/20/2024    Initial
                      (   cubix_boot.asm):00006         ;________________________________________________________________________________________________________________________________
     DF50             (   cubix_boot.asm):00007         BANK00          EQU $DF50
     DF51             (   cubix_boot.asm):00008         BANK40          EQU $DF51
     DF52             (   cubix_boot.asm):00009         BANK80          EQU $DF52
     DF53             (   cubix_boot.asm):00010         BANKC0          EQU $DF53
                      (   cubix_boot.asm):00011         ;
     DF5C             (   cubix_boot.asm):00012         PAGEUART4       EQU $DF5C                         ; INT and Bank CONTROL
                      (   cubix_boot.asm):00013         
                      (   cubix_boot.asm):00014                 ORG     $1000
                      (   cubix_boot.asm):00015         ;* Setup Memory Banks  (page out ROM)
1000 8682             (   cubix_boot.asm):00016                 LDA     #$82
1002 B7DF52           (   cubix_boot.asm):00017                 STA     BANK80
1005 8683             (   cubix_boot.asm):00018                 LDA     #$83
1007 B7DF53           (   cubix_boot.asm):00019                 STA     BANKC0
                      (   cubix_boot.asm):00020         
                      (   cubix_boot.asm):00021         ; copy Cubix to proper bank
100A 8E1200           (   cubix_boot.asm):00022                 LDX     #$1200
100D 108EE000         (   cubix_boot.asm):00023                 LDY     #$E000
1011                  (   cubix_boot.asm):00024         LOOP:
1011 A680             (   cubix_boot.asm):00025                 LDA     ,X+                               ;MOVE IT
1013 A7A0             (   cubix_boot.asm):00026                 STA     ,Y+                               ;MOVE IT
1015 108C0000         (   cubix_boot.asm):00027                 CMPY    #$0000                            ;AT END?
1019 26F6             (   cubix_boot.asm):00028                 BNE     LOOP                              ;CONTINUE
                      (   cubix_boot.asm):00029         
                      (   cubix_boot.asm):00030         ; copy Drivers to proper bank
101B 8685             (   cubix_boot.asm):00031                 LDA     #$85
101D B7DF52           (   cubix_boot.asm):00032                 STA     BANK80
1020 8E3300           (   cubix_boot.asm):00033                 LDX     #$3300
1023 108E8800         (   cubix_boot.asm):00034                 LDY     #$8800
1027                  (   cubix_boot.asm):00035         LOOP1:
1027 A680             (   cubix_boot.asm):00036                 LDA     ,X+                               ;MOVE IT
1029 A7A0             (   cubix_boot.asm):00037                 STA     ,Y+                               ;MOVE IT
102B 108CBF00         (   cubix_boot.asm):00038                 CMPY    #$BF00                            ;AT END?
102F 26F6             (   cubix_boot.asm):00039                 BNE     LOOP1                             ;CONTINUE
                      (   cubix_boot.asm):00040         
                      (   cubix_boot.asm):00041         ;* Setup Memory Banks  (page out ROM)
1031 8681             (   cubix_boot.asm):00042                 LDA     #$81
1033 B7DF51           (   cubix_boot.asm):00043                 STA     BANK40
1036 8682             (   cubix_boot.asm):00044                 LDA     #$82
1038 B7DF52           (   cubix_boot.asm):00045                 STA     BANK80
103B 8683             (   cubix_boot.asm):00046                 LDA     #$83
103D B7DF53           (   cubix_boot.asm):00047                 STA     BANKC0
                      (   cubix_boot.asm):00048         
                      (   cubix_boot.asm):00049         ; Boot
1040 7EE108           (   cubix_boot.asm):00050                 JMP     $E108
                      (   cubix_boot.asm):00051         
                      (   cubix_boot.asm):00052         
1043                  (   cubix_boot.asm):00053         .END

Symbol Table:
[ G] .END                             1043
[ G] BANK00                           DF50
[ G] BANK40                           DF51
[ G] BANK80                           DF52
[ G] BANKC0                           DF53
[ G] LOOP                             1011
[ G] LOOP1                            1027
[ G] PAGEUART4                        DF5C
