                      (      chgdisk.asm):00001         ;*
                      (      chgdisk.asm):00002         ;* CHGDISK: Change the disk between load and execution
                      (      chgdisk.asm):00003         ;*
                      (      chgdisk.asm):00004         ;* Copyright 1983-2005 Dave Dunfield
                      (      chgdisk.asm):00005         ;* All rights reserved.
                      (      chgdisk.asm):00006         ;*
                      (      chgdisk.asm):00007         ;* DIRECTORY STRUCTURE
     2000             (      chgdisk.asm):00008         OSRAM           = $2000       APPLICATION RAM AREA
     DBFF             (      chgdisk.asm):00009         OSEND           = $DBFF       END OF GENERAL RAM
     D000             (      chgdisk.asm):00010         OSUTIL          = $D000       UTILITY ADDRESS SPACE
                      (      chgdisk.asm):00011                 ORG     0
0000                  (      chgdisk.asm):00012         DPREFIX
0000                  (      chgdisk.asm):00013                 RMB     8
0008                  (      chgdisk.asm):00014         DNAME
0008                  (      chgdisk.asm):00015                 RMB     8
0010                  (      chgdisk.asm):00016         DTYPE
0010                  (      chgdisk.asm):00017                 RMB     3
0013                  (      chgdisk.asm):00018         DDADR
0013                  (      chgdisk.asm):00019                 RMB     2                                 ;DISK ADDRESS
0015                  (      chgdisk.asm):00020         DRADR
0015                  (      chgdisk.asm):00021                 RMB     2                                 ;RUN ADDRESS
0017                  (      chgdisk.asm):00022         DATTR
0017                  (      chgdisk.asm):00023                 RMB     1                                 ;FILE ATTRIBUTES
                      (      chgdisk.asm):00024         ;* ATTRIBUTE DEFINITIONS
     0080             (      chgdisk.asm):00025         RPERM           EQU %10000000   READ PERMISSION
     0040             (      chgdisk.asm):00026         WPERM           EQU %01000000   WRITE PERMISSSION
     0020             (      chgdisk.asm):00027         EPERM           EQU %00100000   EXECUTE PERMISSION
     0010             (      chgdisk.asm):00028         DPERM           EQU %00010000   DELETE PERMISSION
                      (      chgdisk.asm):00029         ;* RETURN CODES
     0003             (      chgdisk.asm):00030         RCPRO           EQU 3                             ;PROTECTION VIOLATION
                      (      chgdisk.asm):00031         ;*
                      (      chgdisk.asm):00032                 ORG     OSUTIL-512
                      (      chgdisk.asm):00033         ;*
CE00                  (      chgdisk.asm):00034         CHGDISK
CE00 813F             (      chgdisk.asm):00035                 CMPA    #'?'                              ;HELP REQUEST?
CE02 2623             (      chgdisk.asm):00036                 BNE     MAIN                              ;NO, START IT UP
CE04 3F               (      chgdisk.asm):00037                 SWI
CE05 19               (      chgdisk.asm):00038                 FCB     25                                ;MESSAGE
CE06 5573653A20434847 (      chgdisk.asm):00039                 FCN     'Use: CHGDISK [<command string>]'
     4449534B205B3C63
     6F6D6D616E642073
     7472696E673E5D00
CE26                  (      chgdisk.asm):00040         ABORT
CE26 39               (      chgdisk.asm):00041                 RTS
CE27                  (      chgdisk.asm):00042         MAIN
CE27 3F               (      chgdisk.asm):00043                 SWI
CE28 04               (      chgdisk.asm):00044                 FCB     4                                 ;COMMAND SUPPLIED?
CE29 2632             (      chgdisk.asm):00045                 BNE     CMDSUP                            ;YES
CE2B 3F               (      chgdisk.asm):00046                 SWI
CE2C 58               (      chgdisk.asm):00047                 FCB     88                                ;CLEAR DOS DISK BUFFERS
CE2D 3F               (      chgdisk.asm):00048                 SWI
CE2E 19               (      chgdisk.asm):00049                 FCB     25                                ;OUTPUT MESSAGE
CE2F 496E736572742063 (      chgdisk.asm):00050                 FCN     'Insert command disk, and enter command:'
     6F6D6D616E642064
     69736B2C20616E64
     20656E7465722063
     6F6D6D616E643A00
CE57 3F               (      chgdisk.asm):00051                 SWI
CE58 01               (      chgdisk.asm):00052                 FCB     1                                 ;GET INPUT LINE
CE59 3F               (      chgdisk.asm):00053                 SWI
CE5A 04               (      chgdisk.asm):00054                 FCB     4                                 ;IS IT ENTERED?
CE5B 27C9             (      chgdisk.asm):00055                 BEQ     ABORT                             ;NO, EXIT
                      (      chgdisk.asm):00056         ;* WE HAVE COMMAND TO EXECUTE
CE5D                  (      chgdisk.asm):00057         CMDSUP
CE5D 3F               (      chgdisk.asm):00058                 SWI
CE5E 0C               (      chgdisk.asm):00059                 FCB     12                                ;GET COMMAND NAME
CE5F CC4558           (      chgdisk.asm):00060                 LDD     #$4558                            ;FIRST TO OF 'EXE' 'EX'
CE62 ED84             (      chgdisk.asm):00061                 STD     ,X                                ;SET TYPE
CE64 A702             (      chgdisk.asm):00062                 STA     2,X                               ;SET LAST 'E'
CE66 3F               (      chgdisk.asm):00063                 SWI
CE67 45               (      chgdisk.asm):00064                 FCB     69                                ;LOOKUP IN DIRECTORY
CE68 26BC             (      chgdisk.asm):00065                 BNE     ABORT                             ;ERROR
CE6A A68817           (      chgdisk.asm):00066                 LDA     DATTR,X                           ;GET FILE ATTRIBUTES
CE6D 8520             (      chgdisk.asm):00067                 BITA    #EPERM                            ;ALLOWED TO EXECUTE?
CE6F 2603             (      chgdisk.asm):00068                 BNE     EXEOK                             ;OK TO EXECUTE
CE71 3F               (      chgdisk.asm):00069                 SWI
CE72 2D               (      chgdisk.asm):00070                 FCB     45                                ;ISSUE PROTECTION ERROR
CE73 39               (      chgdisk.asm):00071                 RTS
                      (      chgdisk.asm):00072         ;* LOAD IN FILE & EXECUTE
CE74                  (      chgdisk.asm):00073         EXEOK
CE74 EC8813           (      chgdisk.asm):00074                 LDD     DDADR,X                           ;GET DISK ADDRESS
CE77 AE8815           (      chgdisk.asm):00075                 LDX     DRADR,X                           ;GET RUN ADDRESS
CE7A BFCEC3           (      chgdisk.asm):00076                 STX     >EXEADR                           ;SAVE ADDRESS
CE7D 3F               (      chgdisk.asm):00077                 SWI
CE7E 4E               (      chgdisk.asm):00078                 FCB     78                                ;LOAD IN FILE
                      (      chgdisk.asm):00079         ;* WE HAVE FILE IN RAM, PROMPT FOR DISK CHANGE, AND EXECUTE
CE7F 3F               (      chgdisk.asm):00080                 SWI
CE80 58               (      chgdisk.asm):00081                 FCB     88                                ;CLEAR DOS DISK BUFFERS
CE81 3F               (      chgdisk.asm):00082                 SWI
CE82 18               (      chgdisk.asm):00083                 FCB     24                                ;ISSUE MESSAGE
CE83 496E736572742064 (      chgdisk.asm):00084                 FCN     'Insert disks for command execution, press <return>:'
     69736B7320666F72
     20636F6D6D616E64
     2065786563757469
     6F6E2C2070726573
     73203C7265747572
     6E3E3A00
CEB7                  (      chgdisk.asm):00085         CHKRET
CEB7 3F               (      chgdisk.asm):00086                 SWI
CEB8 22               (      chgdisk.asm):00087                 FCB     34                                ;GET CHAR
CEB9 810D             (      chgdisk.asm):00088                 CMPA    #$0D                              ;CR?
CEBB 26FA             (      chgdisk.asm):00089                 BNE     CHKRET                            ;NO, WAIT FOR IT
CEBD 3F               (      chgdisk.asm):00090                 SWI
CEBE 16               (      chgdisk.asm):00091                 FCB     22                                ;NEW LINE
CEBF 6E9FCEC3         (      chgdisk.asm):00092                 JMP     [EXEADR]        EXECUTE COMMAND
                      (      chgdisk.asm):00093         ;* MISC LOCAL VARIABLES
CEC3                  (      chgdisk.asm):00094         EXEADR
CEC3                  (      chgdisk.asm):00095                 RMB     2                                 ;EXECUTION ADDRESS OF COMMAND

Symbol Table:
[ G] ABORT                            CE26
[ G] CHGDISK                          CE00
[ G] CHKRET                           CEB7
[ G] CMDSUP                           CE5D
[ G] DATTR                            0017
[ G] DDADR                            0013
[ G] DNAME                            0008
[ G] DPERM                            0010
[ G] DPREFIX                          0000
[ G] DRADR                            0015
[ G] DTYPE                            0010
[ G] EPERM                            0020
[ G] EXEADR                           CEC3
[ G] EXEOK                            CE74
[ G] MAIN                             CE27
[ G] OSEND                            DBFF
[ G] OSRAM                            2000
[ G] OSUTIL                           D000
[ G] RCPRO                            0003
[ G] RPERM                            0080
[ G] WPERM                            0040
