                      (        flink.asm):00001         ;*
                      (        flink.asm):00002         ;* FLINK: Link/Unlink file directory entries
                      (        flink.asm):00003         ;*
                      (        flink.asm):00004         ;* Copyright 1983-2005 Dave Dunfield
                      (        flink.asm):00005         ;* All rights reserved.
                      (        flink.asm):00006         ;*
                      (        flink.asm):00007         ;* DIRECTORY STRUCTURE
     2000             (        flink.asm):00008         OSRAM           = $2000                           ; APPLICATION RAM AREA
     DBFF             (        flink.asm):00009         OSEND           = $DBFF                           ; END OF GENERAL RAM
     D000             (        flink.asm):00010         OSUTIL          = $D000                           ; UTILITY ADDRESS SPACE
                      (        flink.asm):00011         
                      (        flink.asm):00012                 ORG     0
0000                  (        flink.asm):00013         FPREFIX
0000                  (        flink.asm):00014                 RMB     8                                 ;DIRECTORY PREFIX
0008                  (        flink.asm):00015         FNAME
0008                  (        flink.asm):00016                 RMB     8                                 ;FILE NAME
0010                  (        flink.asm):00017         FTYPE
0010                  (        flink.asm):00018                 RMB     3                                 ;FILE TYPE
0013                  (        flink.asm):00019         FDADDR
0013                  (        flink.asm):00020                 RMB     2                                 ;DISK ADDRESS
0015                  (        flink.asm):00021         FLADDR
0015                  (        flink.asm):00022                 RMB     2                                 ;LOAD ADDRESS
0017                  (        flink.asm):00023         FPROT
0017                  (        flink.asm):00024                 RMB     1                                 ;FILE PROTECTIONS
0018                  (        flink.asm):00025         FSPARE
0018                  (        flink.asm):00026                 RMB     8                                 ;USER SPARE
     0020             (        flink.asm):00027         FDSIZE          = *                               ;SIZE OF DIR ENTRY
                      (        flink.asm):00028         ;* PROTECTION BITS IN "FPROT" FIELD
     0080             (        flink.asm):00029         RPERM           = %10000000     READ PERMISSION
     0040             (        flink.asm):00030         WPERM           = %01000000     WRITE PERMISSION
     0020             (        flink.asm):00031         EPERM           = %00100000     EXECUTE PERMISSION
     0010             (        flink.asm):00032         DPERM           = %00010000     DELETE PERMISSION
                      (        flink.asm):00033                 ORG     OSUTIL                            ;UTILITY SPACE
                      (        flink.asm):00034         ;*
D000                  (        flink.asm):00035         FLINK
D000 813F             (        flink.asm):00036                 CMPA    #'?'                              ;QUERY?
D002 2627             (        flink.asm):00037                 BNE     QUAL                              ;NO, TEST FOR QUALIFIERS
D004 3F               (        flink.asm):00038                 SWI
D005 19               (        flink.asm):00039                 FCB     25                                ;OUTPUT MESSAGE
D006 5573653A20464C49 (        flink.asm):00040                 FCN     'Use: FLINK/UNLINK <file> [file ...]'
     4E4B2F554E4C494E
     4B203C66696C653E
     205B66696C65202E
     2E2E5D00
D02A                  (        flink.asm):00041         ABORT
D02A 39               (        flink.asm):00042                 RTS
                      (        flink.asm):00043         ;* PARSE FOR COMMAND QUALIFIERS
D02B                  (        flink.asm):00044         QUAL
D02B A6A4             (        flink.asm):00045                 LDA     ,Y                                ;GET CHAR FROM COMMAND LINE
D02D 812F             (        flink.asm):00046                 CMPA    #'/'                              ;IS IT A QUALIFIER?
D02F 2639             (        flink.asm):00047                 BNE     MAIN                              ;NO, GET PARAMETERS
D031 8ED0FD           (        flink.asm):00048                 LDX     #QTABLE                           ;POINT TO QUALIFIER TABLE
D034 3F               (        flink.asm):00049                 SWI
D035 12               (        flink.asm):00050                 FCB     18                                ;LOOK IT UP
D036 C101             (        flink.asm):00051                 CMPB    #QMAX                             ;IS IT IN RANGE
D038 2407             (        flink.asm):00052                 BHS     QERR                              ;IF SO, IT'S INVALID
D03A 8ED106           (        flink.asm):00053                 LDX     #QFLAGS                           ;POINT TO QUALIFIER FLAGS
D03D 6F85             (        flink.asm):00054                 CLR     B,X                               ;SET THE FLAG
D03F 20EA             (        flink.asm):00055                 BRA     QUAL                              ;LOOK FOR ANOTHER QUALIFIER
                      (        flink.asm):00056         ;* INVALID QUALIFIER RECEIVED
D041                  (        flink.asm):00057         QERR
D041 3F               (        flink.asm):00058                 SWI
D042 18               (        flink.asm):00059                 FCB     24                                ;DISPLAY MESSAGE
D043 496E76616C696420 (        flink.asm):00060                 FCN     'Invalid qualifier: '
     7175616C69666965
     723A2000
D057 A6A0             (        flink.asm):00061                 LDA     ,Y+                               ;GET CHARACTER
D059                  (        flink.asm):00062         DSQU1
D059 3F               (        flink.asm):00063                 SWI
D05A 21               (        flink.asm):00064                 FCB     33                                ;DISPLAY
D05B 3F               (        flink.asm):00065                 SWI
D05C 05               (        flink.asm):00066                 FCB     5                                 ;GET NEXT CHAR
D05D 2704             (        flink.asm):00067                 BEQ     GOABO                             ;END, EXIT
D05F 812F             (        flink.asm):00068                 CMPA    #'/'                              ;NEXT QUALIFIER
D061 26F6             (        flink.asm):00069                 BNE     DSQU1                             ;NO, KEEP DUMPING
D063                  (        flink.asm):00070         GOABO
D063 3F               (        flink.asm):00071                 SWI
D064 19               (        flink.asm):00072                 FCB     25                                ;DISPLAY MESSAGE
D065 2700             (        flink.asm):00073                 FCB     $27,00                            ;ENDING QUOTE
D067 8601             (        flink.asm):00074                 LDA     #1                                ;INVALID OPERAND RC
D069 39               (        flink.asm):00075                 RTS
                      (        flink.asm):00076         ;*
                      (        flink.asm):00077         ;* MAIN PROGRAM
                      (        flink.asm):00078         ;*
D06A                  (        flink.asm):00079         MAIN
D06A B6D106           (        flink.asm):00080                 LDA     >QFLAGS                           ;UNLINK MODE?
D06D 2752             (        flink.asm):00081                 BEQ     MAIN5                             ;YES, DO UNLINK
                      (        flink.asm):00082         ;*
                      (        flink.asm):00083         ;* LINK MODE, LINK DIRECTORY ENTRIES TO EXISTING FILES
                      (        flink.asm):00084         ;*
D06F 3F               (        flink.asm):00085                 SWI
D070 0A               (        flink.asm):00086                 FCB     10                                ;GET FILENAME
D071 26B7             (        flink.asm):00087                 BNE     ABORT                             ;ERROR, EXIT
D073 A61F             (        flink.asm):00088                 LDA     -1,X                              ;GET DRIVE SPEC
D075 B7D107           (        flink.asm):00089                 STA     >DRIVE                            ;SAVE IT
D078 3F               (        flink.asm):00090                 SWI
D079 45               (        flink.asm):00091                 FCB     69                                ;LOOKUP FILE
D07A 26AE             (        flink.asm):00092                 BNE     ABORT                             ;ERROR, EXIT
D07C 308813           (        flink.asm):00093                 LEAX    FDADDR,X        OFFSET TO DISK ADDRESS
D07F CED10A           (        flink.asm):00094                 LDU     #SAVDIR                           ;SAVE AREA
D082 C60D             (        flink.asm):00095                 LDB     #FDSIZE-FDADDR  GET SIZE
D084                  (        flink.asm):00096         MAIN1
D084 A680             (        flink.asm):00097                 LDA     ,X+                               ;GET CHAR
D086 A7C0             (        flink.asm):00098                 STA     ,U+                               ;SAVE IT
D088 5A               (        flink.asm):00099                 DECB                                      ;     REDUCE COUNT
D089 26F9             (        flink.asm):00100                 BNE     MAIN1                             ;AND CONTINUE
                      (        flink.asm):00101         ;* CREATE NEW FILE, AND COPY IN OTHER DIRECTORY INFO
D08B                  (        flink.asm):00102         MAIN2
D08B 3F               (        flink.asm):00103                 SWI
D08C 0A               (        flink.asm):00104                 FCB     10                                ;GET NAME
D08D 269B             (        flink.asm):00105                 BNE     ABORT                             ;ERROR, EXIT
D08F A61F             (        flink.asm):00106                 LDA     -1,X                              ;GET DRIVE SPEC
D091 B1D107           (        flink.asm):00107                 CMPA    >DRIVE                            ;IS IT SAME?
D094 2622             (        flink.asm):00108                 BNE     MAIN4                             ;NO, REPORT ERROR
D096 3F               (        flink.asm):00109                 SWI
D097 48               (        flink.asm):00110                 FCB     72                                ;CREATE THE FILE
D098 2690             (        flink.asm):00111                 BNE     ABORT                             ;ERROR, EXIT
D09A FDD108           (        flink.asm):00112                 STD     >SECTOR                           ;SAVE SECTOR ID
D09D 308813           (        flink.asm):00113                 LEAX    FDADDR,X        OFFSET TO ADDRESS
D0A0 CED10A           (        flink.asm):00114                 LDU     #SAVDIR                           ;POINT TO SAVED ENTRY
D0A3 C60D             (        flink.asm):00115                 LDB     #FDSIZE-FDADDR  GET SIZE
D0A5                  (        flink.asm):00116         MAIN3
D0A5 A6C0             (        flink.asm):00117                 LDA     ,U+                               ;GET CHAR
D0A7 A780             (        flink.asm):00118                 STA     ,X+                               ;WRITE TO DIR
D0A9 5A               (        flink.asm):00119                 DECB                                      ;     REDUCE COUNT
D0AA 26F9             (        flink.asm):00120                 BNE     MAIN3                             ;AND CONTINUE
D0AC 3F               (        flink.asm):00121                 SWI
D0AD 55               (        flink.asm):00122                 FCB     85                                ;INDICATE WE CHANGED
D0AE FCD108           (        flink.asm):00123                 LDD     >SECTOR                           ;GET SECTOR LINK OF NEW FILE
D0B1 3F               (        flink.asm):00124                 SWI
D0B2 50               (        flink.asm):00125                 FCB     80                                ;RELEASE CHAIN
D0B3 3F               (        flink.asm):00126                 SWI
D0B4 04               (        flink.asm):00127                 FCB     4                                 ;MODE OPERANDS
D0B5 26D4             (        flink.asm):00128                 BNE     MAIN2                             ;CONTINUE
D0B7 39               (        flink.asm):00129                 RTS
                      (        flink.asm):00130         ;* LINK NAME SPECIFIED A DIFFERENT DRIVE THAN SOURCE
D0B8                  (        flink.asm):00131         MAIN4
D0B8 108ED0E1         (        flink.asm):00132                 LDY     #ERRMSG                           ;POINT TO ERROR MESSAGE
D0BC 3F               (        flink.asm):00133                 SWI
D0BD 34               (        flink.asm):00134                 FCB     52                                ;OUTPUT ERROR MESSAGE
D0BE 8664             (        flink.asm):00135                 LDA     #100                              ;ERROR CODE
D0C0 39               (        flink.asm):00136                 RTS
                      (        flink.asm):00137         ;*
                      (        flink.asm):00138         ;* UNLINK MODE, UNLINK FILES FROM DIRECTORY ENTRIES
                      (        flink.asm):00139         ;*
D0C1                  (        flink.asm):00140         MAIN5
D0C1 3F               (        flink.asm):00141                 SWI
D0C2 0A               (        flink.asm):00142                 FCB     10                                ;GET FILENAME
D0C3 2618             (        flink.asm):00143                 BNE     ABORT1                            ;ERROR, EXIT
D0C5 3F               (        flink.asm):00144                 SWI
D0C6 45               (        flink.asm):00145                 FCB     69                                ;LOOKUP FILE
D0C7 2614             (        flink.asm):00146                 BNE     ABORT1                            ;ERROR, EXIT
D0C9 A68817           (        flink.asm):00147                 LDA     FPROT,X                           ;GET FILE PROTECTIONS
D0CC 8510             (        flink.asm):00148                 BITA    #DPERM                            ;DELETE ALLOWED?
D0CE 270E             (        flink.asm):00149                 BEQ     MAIN7                             ;NO, REPORT ERROR
D0D0 C620             (        flink.asm):00150                 LDB     #FDSIZE                           ;GET DIRECTORY SIZE
D0D2                  (        flink.asm):00151         MAIN6
D0D2 6F80             (        flink.asm):00152                 CLR     ,X+                               ;ZERO ONE BYTE
D0D4 5A               (        flink.asm):00153                 DECB                                      ;     REDUCE COUNT
D0D5 26FB             (        flink.asm):00154                 BNE     MAIN6                             ;DO THEM ALL
D0D7 3F               (        flink.asm):00155                 SWI
D0D8 55               (        flink.asm):00156                 FCB     85                                ;MAKE WORK SECTOR AS CHANGED
D0D9 3F               (        flink.asm):00157                 SWI
D0DA 04               (        flink.asm):00158                 FCB     4                                 ;MORE OPERANDS?
D0DB 26E4             (        flink.asm):00159                 BNE     MAIN5                             ;YES, HANDLE THEM
D0DD                  (        flink.asm):00160         ABORT1
D0DD 39               (        flink.asm):00161                 RTS
                      (        flink.asm):00162         ;* FILE DOES NOT HAVE "DELETE" PERMISSION, REPORT VIOLATION
D0DE                  (        flink.asm):00163         MAIN7
D0DE 3F               (        flink.asm):00164                 SWI
D0DF 2D               (        flink.asm):00165                 FCB     45                                ;ISSUE "PROTECTION VIOLATION"
D0E0 39               (        flink.asm):00166                 RTS
                      (        flink.asm):00167         ;* STRINGS & CONSTANTS
D0E1                  (        flink.asm):00168         ERRMSG
D0E1 43616E6E6F74206C (        flink.asm):00169                 FCN     'Cannot link between drives.'
     696E6B2062657477
     65656E2064726976
     65732E00
D0FD                  (        flink.asm):00170         QTABLE
D0FD 82               (        flink.asm):00171                 FCB     $82
D0FE 2F554E4C494E4B   (        flink.asm):00172                 FCC     '/UNLINK'
D105 80               (        flink.asm):00173                 FCB     $80                               ;END OF TABLE
     0001             (        flink.asm):00174         QMAX            = 1                               ;# QUALIFIERS
                      (        flink.asm):00175         ;* QUALIFIER FLAGS
D106                  (        flink.asm):00176         QFLAGS
D106 FF               (        flink.asm):00177                 FCB     $FF                               ;UNLINK MODE
                      (        flink.asm):00178         ;* TEMPORARY STORAGE
D107                  (        flink.asm):00179         DRIVE
D107                  (        flink.asm):00180                 RMB     1                                 ;SOURCE FILE DRIVE
D108                  (        flink.asm):00181         SECTOR
D108                  (        flink.asm):00182                 RMB     2                                 ;NEW DISK SECTOR
D10A                  (        flink.asm):00183         SAVDIR
D10A                  (        flink.asm):00184                 RMB     FDSIZE-FDADDR   SAVED DIR ENTRY

Symbol Table:
[ G] ABORT                            D02A
[ G] ABORT1                           D0DD
[ G] DPERM                            0010
[ G] DRIVE                            D107
[ G] DSQU1                            D059
[ G] EPERM                            0020
[ G] ERRMSG                           D0E1
[ G] FDADDR                           0013
[ G] FDSIZE                           0020
[ G] FLADDR                           0015
[ G] FLINK                            D000
[ G] FNAME                            0008
[ G] FPREFIX                          0000
[ G] FPROT                            0017
[ G] FSPARE                           0018
[ G] FTYPE                            0010
[ G] GOABO                            D063
[ G] MAIN                             D06A
[ G] MAIN1                            D084
[ G] MAIN2                            D08B
[ G] MAIN3                            D0A5
[ G] MAIN4                            D0B8
[ G] MAIN5                            D0C1
[ G] MAIN6                            D0D2
[ G] MAIN7                            D0DE
[ G] OSEND                            DBFF
[ G] OSRAM                            2000
[ G] OSUTIL                           D000
[ G] QERR                             D041
[ G] QFLAGS                           D106
[ G] QMAX                             0001
[ G] QTABLE                           D0FD
[ G] QUAL                             D02B
[ G] RPERM                            0080
[ G] SAVDIR                           D10A
[ G] SECTOR                           D108
[ G] WPERM                            0040
