                      (      moveapl.asm):00001         ;*
                      (      moveapl.asm):00002         ;* MOVEAPL: Move the memory origin address for an APL workspace
                      (      moveapl.asm):00003         ;*
                      (      moveapl.asm):00004         ;* Copyright 1984-2005 Dave Dunfield
                      (      moveapl.asm):00005         ;* All rights reserved.
                      (      moveapl.asm):00006         ;*
                      (      moveapl.asm):00007         ;* WORKSPACE DEFINTIONS
     2000             (      moveapl.asm):00008         OSRAM           = $2000                           ;APPLICATION RAM AREA
     DBFF             (      moveapl.asm):00009         OSEND           = $DBFF                           ;END OF GENERAL RAM
     D000             (      moveapl.asm):00010         OSUTIL          = $D000                           ;UTILITY ADDRESS SPACE
                      (      moveapl.asm):00011                 ORG     OSRAM+512
2200                  (      moveapl.asm):00012         FREE
2200                  (      moveapl.asm):00013                 RMB     2                                 ;FREE MEMORY LOCATION
2202                  (      moveapl.asm):00014         ORIGIN
2202                  (      moveapl.asm):00015                 RMB     2                                 ;ORIGIN VALUE
2204                  (      moveapl.asm):00016         SEED
2204                  (      moveapl.asm):00017                 RMB     2                                 ;RANDOM NUMBER SEED
2206                  (      moveapl.asm):00018         BUFSIZ
2206                  (      moveapl.asm):00019                 RMB     2                                 ;WORK BUFFER ALLOCATION SIZE
2208                  (      moveapl.asm):00020         FREMEM
2208                  (      moveapl.asm):00021                 RMB     2                                 ;FREE MEMORY ABOVE SYMBOL TABLE
     220A             (      moveapl.asm):00022         SYMTAB          = *                               ;SYMBOL TABLE STARTS HERE
                      (      moveapl.asm):00023         ;* FILE PERMISSIONS
     0080             (      moveapl.asm):00024         RPERM           = %10000000     READ PERMISSION
     0040             (      moveapl.asm):00025         WPERM           = %01000000     WRITE PERMISSION
     0020             (      moveapl.asm):00026         EPERM           = %00100000     EXECUTE PERMISSION
     0010             (      moveapl.asm):00027         DPERM           = %00010000     DELETE PERMISSION
                      (      moveapl.asm):00028         ;* DIRECTORY ENTRY DESCRIPTION
                      (      moveapl.asm):00029                 ORG     0
0000                  (      moveapl.asm):00030         DPREFIX
0000                  (      moveapl.asm):00031                 RMB     8                                 ;DIRECTORY PREFIX
0008                  (      moveapl.asm):00032         DNAME
0008                  (      moveapl.asm):00033                 RMB     8                                 ;FILENAME
0010                  (      moveapl.asm):00034         DTYPE
0010                  (      moveapl.asm):00035                 RMB     3                                 ;FILETYPE
0013                  (      moveapl.asm):00036         DDADR
0013                  (      moveapl.asm):00037                 RMB     2                                 ;DISK ADDRESS
0015                  (      moveapl.asm):00038         DRADR
0015                  (      moveapl.asm):00039                 RMB     2                                 ;RUN ADDRESS
0017                  (      moveapl.asm):00040         DATTR
0017                  (      moveapl.asm):00041                 RMB     1                                 ;FILE ATTRIBUTES
0018                  (      moveapl.asm):00042         DPASS
0018                  (      moveapl.asm):00043                 RMB     2                                 ;FILE PASSWORD
                      (      moveapl.asm):00044         ;*
                      (      moveapl.asm):00045                 ORG     OSRAM                             ;SET UP POINTER TO OS RAM
                      (      moveapl.asm):00046         ;* PROGRAM ENTRY
2000                  (      moveapl.asm):00047         MOVEAPL
2000 813F             (      moveapl.asm):00048                 CMPA    #'?'                              ;QUERY COMMAND?
2002 2626             (      moveapl.asm):00049                 BNE     MAIN                              ;NO, CONTINUE
2004 3F               (      moveapl.asm):00050                 SWI
2005 19               (      moveapl.asm):00051                 FCB     25                                ;OUTPUT MESSAGE
2006 5573653A204D4F56 (      moveapl.asm):00052                 FCN     'Use: MOVEAPL <filename> <address>'
     4541504C203C6669
     6C656E616D653E20
     3C61646472657373
     3E00
2028                  (      moveapl.asm):00053         ABORT
2028 3F               (      moveapl.asm):00054                 SWI
2029 00               (      moveapl.asm):00055                 FCB     0                                 ;EXIT
                      (      moveapl.asm):00056         ;* PARSE THE COMMAND LINE PARAMEMTERS AND LOOKUP THE WORKSPACE FILE
202A                  (      moveapl.asm):00057         MAIN
202A 3F               (      moveapl.asm):00058                 SWI
202B 0B               (      moveapl.asm):00059                 FCB     11                                ;GET FILENAME
202C 26FA             (      moveapl.asm):00060                 BNE     ABORT                             ;ERROR, QUIT
202E CC4150           (      moveapl.asm):00061                 LDD     #$4150                            ;FIRST TWO 'AP'
2031 ED84             (      moveapl.asm):00062                 STD     ,X                                ;SET IT UP
2033 864C             (      moveapl.asm):00063                 LDA     #'L'                              ;LAST
2035 A702             (      moveapl.asm):00064                 STA     2,X                               ;SAVE IT
2037 3F               (      moveapl.asm):00065                 SWI
2038 07               (      moveapl.asm):00066                 FCB     7                                 ;GET ADDRESS
2039 26ED             (      moveapl.asm):00067                 BNE     ABORT                             ;ERROR
203B BF20BF           (      moveapl.asm):00068                 STX     NEWADR                            ;SAVE OFFSET
203E 3F               (      moveapl.asm):00069                 SWI
203F 45               (      moveapl.asm):00070                 FCB     69                                ;LOOKUP DIRECTORY ENTRY
2040 26E6             (      moveapl.asm):00071                 BNE     ABORT                             ;ERROR, INVALID
2042 A68817           (      moveapl.asm):00072                 LDA     DATTR,X                           ;GET FILE ATTRIBUTES
2045 84C0             (      moveapl.asm):00073                 ANDA    #RPERM+WPERM                      ;TEST READ & WRITE PERMISSION
2047 81C0             (      moveapl.asm):00074                 CMPA    #RPERM+WPERM                      ;INSURE BOTH ARE ENABLED
2049 2704             (      moveapl.asm):00075                 BEQ     MAIN1                             ;ITS OK
204B 3F               (      moveapl.asm):00076                 SWI
204C 2D               (      moveapl.asm):00077                 FCB     45                                ;ISSUE ERROR MESSAGE
204D 20D9             (      moveapl.asm):00078                 BRA     ABORT                             ;AND EXIT
                      (      moveapl.asm):00079         ;* CALCULATE ADJUSTMENT OFFSET & LOAD THE WORKSPACE
204F                  (      moveapl.asm):00080         MAIN1
204F FC20BF           (      moveapl.asm):00081                 LDD     NEWADR                            ;GET NEW ADDRESS
2052 A38815           (      moveapl.asm):00082                 SUBD    DRADR,X                           ;CALCULATE OFFSET TO NEW
2055 FD20C1           (      moveapl.asm):00083                 STD     OFFSET                            ;SAVE OFFSET
2058 EC8813           (      moveapl.asm):00084                 LDD     DDADR,X                           ;GET DISK ADDRESS
205B 8E2200           (      moveapl.asm):00085                 LDX     #FREE                             ;GET WORKSPACE
205E 3F               (      moveapl.asm):00086                 SWI
205F 4E               (      moveapl.asm):00087                 FCB     78                                ;LOAD THE FILE INTO MEMORY
2060 26C6             (      moveapl.asm):00088                 BNE     ABORT                             ;ERROR, EXIT
                      (      moveapl.asm):00089         ;* FIXUP CONSTANT POINTERS IN WORKSPACE
2062 FC2200           (      moveapl.asm):00090                 LDD     FREE                              ;GET FREE MEMORY POINTER
2065 F320C1           (      moveapl.asm):00091                 ADDD    OFFSET                            ;ADJUST
2068 FD2200           (      moveapl.asm):00092                 STD     FREE                              ;RESAVE
206B FC2208           (      moveapl.asm):00093                 LDD     FREMEM                            ;POINTER TO END OF SYMBOL TABLE
206E F320C1           (      moveapl.asm):00094                 ADDD    OFFSET                            ;ADJUST
2071 FD2208           (      moveapl.asm):00095                 STD     FREMEM                            ;RESAVE
                      (      moveapl.asm):00096         ;* RIFLE THROUGH SYMBOL TABLE, & FIX OFFSETS
2074 8E220A           (      moveapl.asm):00097                 LDX     #SYMTAB                           ;POINT TO SYMBOL TABLE
2077                  (      moveapl.asm):00098         MAIN2
2077 A681             (      moveapl.asm):00099                 LDA     ,X++                              ;GET SYMBOL TYPE & LENGTH
2079 1F89             (      moveapl.asm):00100                 TFR     A,B                               ;ANOTHER COPY
207B 84E0             (      moveapl.asm):00101                 ANDA    #%11100000      GET TYPE OF FUNCTION
207D C41F             (      moveapl.asm):00102                 ANDB    #%00011111      GET LENGTH OF NAME
207F 2711             (      moveapl.asm):00103                 BEQ     MAIN4                             ;END OF TABLE, EXIT
2081 3085             (      moveapl.asm):00104                 LEAX    B,X                               ;SKIP NAME
2083 8160             (      moveapl.asm):00105                 CMPA    #%01100000      IS IT A LABEL?
2085 2707             (      moveapl.asm):00106                 BEQ     MAIN3                             ;IF SO, DON'T ADJUST
2087 EC84             (      moveapl.asm):00107                 LDD     ,X                                ;GET SYMBOL ADDRESS
2089 F320C1           (      moveapl.asm):00108                 ADDD    OFFSET                            ;ADD IN OFFSET
208C ED84             (      moveapl.asm):00109                 STD     ,X                                ;RESAVE IT
208E                  (      moveapl.asm):00110         MAIN3
208E 3002             (      moveapl.asm):00111                 LEAX    2,X                               ;SKIP TO NEXT
2090 20E5             (      moveapl.asm):00112                 BRA     MAIN2                             ;AND CONTINUE
                      (      moveapl.asm):00113         ;* END OF TABLE HAS BEEN FOUND, COMPUTE SIZE OF WORKSPACE AND
                      (      moveapl.asm):00114         ;* RESAVE IT TO THE DISK. ALSO ADJUST RUN ADDRESS IN DIRECTORY.
2092                  (      moveapl.asm):00115         MAIN4
2092 FC2200           (      moveapl.asm):00116                 LDD     FREE                              ;GET FREE MEMORY
2095 B320BF           (      moveapl.asm):00117                 SUBD    NEWADR                            ;CONVERT TO SIZE
2098 1F01             (      moveapl.asm):00118                 TFR     D,X                               ;COPY TO 'X' FOR DIVIDE
209A CC0200           (      moveapl.asm):00119                 LDD     #512                              ;DIVIDE BY SECTOR SIZE
209D 3F               (      moveapl.asm):00120                 SWI
209E 6C               (      moveapl.asm):00121                 FCB     108                               ;PERFORM DIVIDE
209F 10830000         (      moveapl.asm):00122                 CMPD    #0                                ;ANY REMAINDER
20A3 2702             (      moveapl.asm):00123                 BEQ     MAIN5                             ;NO, ITS OK
20A5 3001             (      moveapl.asm):00124                 LEAX    1,X                               ;ADVANCE
20A7                  (      moveapl.asm):00125         MAIN5
20A7 1F10             (      moveapl.asm):00126                 TFR     X,D                               ;SET IT UP
20A9 8E2200           (      moveapl.asm):00127                 LDX     #FREE                             ;POINT TO WORK SPACE
20AC 3F               (      moveapl.asm):00128                 SWI
20AD 36               (      moveapl.asm):00129                 FCB     54                                ;SAVE THE FILE
20AE 1026FF76         (      moveapl.asm):00130                 LBNE    ABORT                             ;INDICATE INVALID
20B2 3F               (      moveapl.asm):00131                 SWI
20B3 44               (      moveapl.asm):00132                 FCB     68                                ;LOOKUP DIRECTORY ENTRY
20B4 FC20BF           (      moveapl.asm):00133                 LDD     NEWADR                            ;GET NEW ADDRESS
20B7 ED8815           (      moveapl.asm):00134                 STD     DRADR,X                           ;SET IT
20BA 3F               (      moveapl.asm):00135                 SWI
20BB 55               (      moveapl.asm):00136                 FCB     85                                ;INFORM DOS THAT IT CHANGED
20BC 4F               (      moveapl.asm):00137                 CLRA                                      ;     ZERO RETURN CODE
20BD 3F               (      moveapl.asm):00138                 SWI
20BE 00               (      moveapl.asm):00139                 FCB     0                                 ;AND EXIT
                      (      moveapl.asm):00140         ;* LOCAL VARIABLES
20BF                  (      moveapl.asm):00141         NEWADR
20BF                  (      moveapl.asm):00142                 RMB     2                                 ;NEW ADDRESS FOR WORKSPACE
20C1                  (      moveapl.asm):00143         OFFSET
20C1                  (      moveapl.asm):00144                 RMB     2                                 ;OFFSET TO NEW ADDRESS

Symbol Table:
[ G] ABORT                            2028
[ G] BUFSIZ                           2206
[ G] DATTR                            0017
[ G] DDADR                            0013
[ G] DNAME                            0008
[ G] DPASS                            0018
[ G] DPERM                            0010
[ G] DPREFIX                          0000
[ G] DRADR                            0015
[ G] DTYPE                            0010
[ G] EPERM                            0020
[ G] FREE                             2200
[ G] FREMEM                           2208
[ G] MAIN                             202A
[ G] MAIN1                            204F
[ G] MAIN2                            2077
[ G] MAIN3                            208E
[ G] MAIN4                            2092
[ G] MAIN5                            20A7
[ G] MOVEAPL                          2000
[ G] NEWADR                           20BF
[ G] OFFSET                           20C1
[ G] ORIGIN                           2202
[ G] OSEND                            DBFF
[ G] OSRAM                            2000
[ G] OSUTIL                           D000
[ G] RPERM                            0080
[ G] SEED                             2204
[ G] SYMTAB                           220A
[ G] WPERM                            0040
