                      (     redirect.asm):00001         ;*
                      (     redirect.asm):00002         ;* REDIRECT: Switch console output to/from a file
                      (     redirect.asm):00003         ;*
                      (     redirect.asm):00004         ;* Copyright 1983-2005 Dave Dunfield
                      (     redirect.asm):00005         ;* All rights reserved.
                      (     redirect.asm):00006         ;*
     2000             (     redirect.asm):00007         OSRAM           = $2000                           ;APPLICATION RAM AREA
     DBFF             (     redirect.asm):00008         OSEND           = $DBFF                           ;END OF GENERAL RAM
     D000             (     redirect.asm):00009         OSUTIL          = $D000                           ;UTILITY ADDRESS SPACE
                      (     redirect.asm):00010                 ORG     OSUTIL
                      (     redirect.asm):00011         ;*
D000                  (     redirect.asm):00012         REDIR
D000 813F             (     redirect.asm):00013                 CMPA    #'?'                              ;QUERY?
D002 2639             (     redirect.asm):00014                 BNE     QUAL                              ;SHOW HOW IT'S DONE
D004 3F               (     redirect.asm):00015                 SWI
D005 19               (     redirect.asm):00016                 FCB     25                                ;DISPLAY MESSAGE
D006 5573653A20524544 (     redirect.asm):00017                 FCN     'Use: REDIRECT[/ALL/CLOSE/WRITE] <filename> [<device>]'
     49524543545B2F41
     4C4C2F434C4F5345
     2F57524954455D20
     3C66696C656E616D
     653E205B3C646576
     6963653E5D00
D03C 39               (     redirect.asm):00018                 RTS
                      (     redirect.asm):00019         ;* PARSE FOR COMMAND QUALIFIERS
D03D                  (     redirect.asm):00020         QUAL
D03D A6A4             (     redirect.asm):00021                 LDA     ,Y                                ;GET CHAR FROM COMMAND LINE
D03F 812F             (     redirect.asm):00022                 CMPA    #'/'                              ;IS IT A QUALIFIER?
D041 2641             (     redirect.asm):00023                 BNE     MAIN                              ;NO, GET PARAMETERS
D043 8ED19E           (     redirect.asm):00024                 LDX     #QTABLE                           ;POINT TO QUALIFIER TABLE
D046 3F               (     redirect.asm):00025                 SWI
D047 12               (     redirect.asm):00026                 FCB     18                                ;LOOK IT UP
D048 C103             (     redirect.asm):00027                 CMPB    #QMAX                             ;IS IT IN RANGE
D04A 2407             (     redirect.asm):00028                 BHS     QERR                              ;IF SO, IT'S INVALID
D04C 8ED1B2           (     redirect.asm):00029                 LDX     #QFLAGS                           ;POINT TO QUALIFIER FLAGS
D04F 6F85             (     redirect.asm):00030                 CLR     B,X                               ;SET THE FLAG
D051 20EA             (     redirect.asm):00031                 BRA     QUAL                              ;LOOK FOR ANOTHER QUALIFIER
D053                  (     redirect.asm):00032         QERR
D053 3F               (     redirect.asm):00033                 SWI
D054 18               (     redirect.asm):00034                 FCB     24                                ;DISPLAY MESSAGE
D055 496E76616C696420 (     redirect.asm):00035                 FCN     'Invalid qualifier: '
     7175616C69666965
     723A2000
D069 A6A0             (     redirect.asm):00036                 LDA     ,Y+                               ;GET CHARACTER
D06B                  (     redirect.asm):00037         DSQU1
D06B 3F               (     redirect.asm):00038                 SWI
D06C 21               (     redirect.asm):00039                 FCB     33                                ;DISPLAY
D06D A6A0             (     redirect.asm):00040                 LDA     ,Y+                               ;GET NEXT CHAR
D06F 270C             (     redirect.asm):00041                 BEQ     GOABO                             ;NULL IS DELIMITER
D071 812F             (     redirect.asm):00042                 CMPA    #'/'                              ;START OF ANOTHER QUALIFIER?
D073 2708             (     redirect.asm):00043                 BEQ     GOABO                             ;IF SO, QUIT
D075 8120             (     redirect.asm):00044                 CMPA    #' '                              ;SPACE?
D077 2704             (     redirect.asm):00045                 BEQ     GOABO                             ;IF SO, QUIT
D079 810D             (     redirect.asm):00046                 CMPA    #$0D                              ;END OF LINE?
D07B 26EE             (     redirect.asm):00047                 BNE     DSQU1                             ;NO, KEEP DUMPING
D07D                  (     redirect.asm):00048         GOABO
D07D 3F               (     redirect.asm):00049                 SWI
D07E 19               (     redirect.asm):00050                 FCB     25                                ;DISPLAY MESSAGE
D07F 2700             (     redirect.asm):00051                 FCB     $27,0                             ;CHARACTERS TO DISPLAY
D081 8601             (     redirect.asm):00052                 LDA     #1                                ;INVALID OPERAND RETURN CODE
D083 39               (     redirect.asm):00053                 RTS
                      (     redirect.asm):00054         ;* MAINLINE CODE
D084                  (     redirect.asm):00055         MAIN
D084 B6D1B5           (     redirect.asm):00056                 LDA     ACTIVE                            ;GET ACTIVE COUNT
D087 7CD1B5           (     redirect.asm):00057                 INC     ACTIVE                            ;ADVANCE COUNT
D08A 8110             (     redirect.asm):00058                 CMPA    #16                               ;PAST I/O DRIVERS?
D08C 240B             (     redirect.asm):00059                 BHS     MAIN1                             ;IF SO, WE ARE FINISHED
D08E 3F               (     redirect.asm):00060                 SWI
D08F 66               (     redirect.asm):00061                 FCB     102                               ;LOOKUP ENTRY
D090 1083DB9B         (     redirect.asm):00062                 CMPD    #DRIVER                           ;ALREADY INSTALLED?
D094 26EE             (     redirect.asm):00063                 BNE     MAIN                              ;NO, ITS NOT
D096 7FD1B5           (     redirect.asm):00064                 CLR     ACTIVE                            ;INDICATE INSTALLED
D099                  (     redirect.asm):00065         MAIN1
D099 B6D1B3           (     redirect.asm):00066                 LDA     CLOSE                             ;CLOSING FILE?
D09C 2717             (     redirect.asm):00067                 BEQ     DOCLOSE                           ;YES, CLOSE IT
D09E 3F               (     redirect.asm):00068                 SWI
D09F 0A               (     redirect.asm):00069                 FCB     10                                ;GET FILENAME
D0A0 2612             (     redirect.asm):00070                 BNE     ABORT                             ;ERROR, EXIT
D0A2 3F               (     redirect.asm):00071                 SWI
D0A3 04               (     redirect.asm):00072                 FCB     4                                 ;MORE OPERANDS?
D0A4 2604             (     redirect.asm):00073                 BNE     MAIN2                             ;YES, TAKE THEM
                      (     redirect.asm):00074         ;* NO DEVICE SPECIFIED, USE CONSOLE
D0A6 3F               (     redirect.asm):00075                 SWI
D0A7 28               (     redirect.asm):00076                 FCB     40                                ;GET CURENT CONSOLE
D0A8 2004             (     redirect.asm):00077                 BRA     MAIN3                             ;AND CONTINUE
                      (     redirect.asm):00078         ;* DEVICE IS SPECIFIED
D0AA                  (     redirect.asm):00079         MAIN2
D0AA 3F               (     redirect.asm):00080                 SWI
D0AB 06               (     redirect.asm):00081                 FCB     6                                 ;GET DEVICE ID
D0AC 1F98             (     redirect.asm):00082                 TFR     B,A                               ;COPY TO 'A'
D0AE                  (     redirect.asm):00083         MAIN3
D0AE 8108             (     redirect.asm):00084                 CMPA    #8                                ;IN RANGE?
D0B0 2534             (     redirect.asm):00085                 BLO     OPEN                              ;YES, ITS OK
                      (     redirect.asm):00086         ;* INVALID DEVICE SPECIFIED
D0B2 3F               (     redirect.asm):00087                 SWI
D0B3 32               (     redirect.asm):00088                 FCB     50                                ;OUTPUT 'INVALID DEVICE' MESSAGE
D0B4                  (     redirect.asm):00089         ABORT
D0B4 39               (     redirect.asm):00090                 RTS
                      (     redirect.asm):00091         ;* CLOSE OPEN FILE
D0B5                  (     redirect.asm):00092         DOCLOSE
D0B5 7DD1B5           (     redirect.asm):00093                 TST     ACTIVE                            ;ALREADY ACTIVE?
D0B8 260F             (     redirect.asm):00094                 BNE     ERROR2                            ;NO, REPORT ERROR
D0BA CED991           (     redirect.asm):00095                 LDU     #FCB                              ;POINT TO FCB
D0BD 3F               (     redirect.asm):00096                 SWI
D0BE 39               (     redirect.asm):00097                 FCB     57                                ;CLOSE THE FILE
D0BF BED98D           (     redirect.asm):00098                 LDX     SDRIVER                           ;GET OLD DRIVER
D0C2 B6D98B           (     redirect.asm):00099                 LDA     DEVICE                            ;GET VECTOR ID
D0C5 3F               (     redirect.asm):00100                 SWI
D0C6 67               (     redirect.asm):00101                 FCB     103                               ;REPLACE VECTOR
D0C7 4F               (     redirect.asm):00102                 CLRA                                      ;     ZERO RC
D0C8 39               (     redirect.asm):00103                 RTS
                      (     redirect.asm):00104         ;* REDIRECT IS NOT ACTIVE, CANNOT CLOSE
D0C9                  (     redirect.asm):00105         ERROR2
D0C9 3F               (     redirect.asm):00106                 SWI
D0CA 19               (     redirect.asm):00107                 FCB     25                                ;OUTPUT MESSAGE
D0CB 5245444952454354 (     redirect.asm):00108                 FCN     'REDIRECT is not active.'
     206973206E6F7420
     6163746976652E00
D0E3 8665             (     redirect.asm):00109                 LDA     #101                              ;RETURN CODE
D0E5 39               (     redirect.asm):00110                 RTS
                      (     redirect.asm):00111         ;* OPEN FILE & PERFORM ASIGNMENT
D0E6                  (     redirect.asm):00112         OPEN
D0E6 7DD1B5           (     redirect.asm):00113                 TST     ACTIVE                            ;ALREADY ACTIVE?
D0E9 2740             (     redirect.asm):00114                 BEQ     ERROR1                            ;YES, REPORT ERROR
D0EB CED991           (     redirect.asm):00115                 LDU     #FCB                              ;POINT TO FCB
D0EE 7DD1B2           (     redirect.asm):00116                 TST     WRITE                             ;OPEN FOR WRITE?
D0F1 270C             (     redirect.asm):00117                 BEQ     OPWRITE                           ;YES, DO IT
                      (     redirect.asm):00118         ;* READ OPERATION, INSTALL INPUT DRIVER
D0F3 B7D98B           (     redirect.asm):00119                 STA     DEVICE                            ;SAVE DEVICE ID
D0F6 3F               (     redirect.asm):00120                 SWI
D0F7 37               (     redirect.asm):00121                 FCB     55                                ;OPEN FILE FOR READ
D0F8 26BA             (     redirect.asm):00122                 BNE     ABORT                             ;ERROR, ABORT
D0FA 8ED14C           (     redirect.asm):00123                 LDX     #IDRIVER                          ;POINT TO INPUT DRIVER
D0FD 200C             (     redirect.asm):00124                 BRA     INSTALL                           ;INSTALL IT
                      (     redirect.asm):00125         ;* WRITE OPERATION, INSTALL OUTPUT DRIVER
D0FF                  (     redirect.asm):00126         OPWRITE
D0FF 8B08             (     redirect.asm):00127                 ADDA    #8                                ;OFFSET TO WRITE DRIVER
D101 B7D98B           (     redirect.asm):00128                 STA     DEVICE                            ;SAVE IT
D104 3F               (     redirect.asm):00129                 SWI
D105 38               (     redirect.asm):00130                 FCB     56                                ;OPEN FILE FOR WRITE
D106 26AC             (     redirect.asm):00131                 BNE     ABORT                             ;ERROR, ABORT
D108 8ED16A           (     redirect.asm):00132                 LDX     #ODRIVER                          ;POINT TO OUTPUT DRIVER
                      (     redirect.asm):00133         ;* COPY DRIVER OVER
D10B                  (     redirect.asm):00134         INSTALL
D10B 108EDB9B         (     redirect.asm):00135                 LDY     #DRIVER                           ;POINT TO DRIVER
D10F C664             (     redirect.asm):00136                 LDB     #100                              ;100 BYTES MAX
D111                  (     redirect.asm):00137         INST1
D111 A680             (     redirect.asm):00138                 LDA     ,X+                               ;GET CHAR
D113 A7A0             (     redirect.asm):00139                 STA     ,Y+                               ;COPY IT OVER
D115 5A               (     redirect.asm):00140                 DECB                                      ;     DECREMENT COUNT
D116 26F9             (     redirect.asm):00141                 BNE     INST1                             ;CONTINUE
D118 B6D1B4           (     redirect.asm):00142                 LDA     ALL                               ;GET 'ALL' FLAG
D11B B7D98C           (     redirect.asm):00143                 STA     ALLFLAG                           ;SAVE DRIVERS ALLFLAG
                      (     redirect.asm):00144         ;* TAKE OVER DEVICE INPUT VECTOR
D11E 8EDB9B           (     redirect.asm):00145                 LDX     #DRIVER                           ;POINT TO DRIVER
D121 B6D98B           (     redirect.asm):00146                 LDA     DEVICE                            ;GET DEVICE ID
D124 3F               (     redirect.asm):00147                 SWI
D125 67               (     redirect.asm):00148                 FCB     103                               ;SET DEVICE DRIVER
D126 FDD98D           (     redirect.asm):00149                 STD     SDRIVER                           ;SAVED DRIVER ADDRESS
D129 4F               (     redirect.asm):00150                 CLRA                                      ;     ZERO RETURN CODE
D12A 39               (     redirect.asm):00151                 RTS
                      (     redirect.asm):00152         ;* REDIRECT IS ALREADY ACTIVE, REPORT ERROR
D12B                  (     redirect.asm):00153         ERROR1
D12B 3F               (     redirect.asm):00154                 SWI
D12C 19               (     redirect.asm):00155                 FCB     25                                ;OUTPUT MESSAGE
D12D 5245444952454354 (     redirect.asm):00156                 FCN     'REDIRECT is already active.'
     20697320616C7265
     6164792061637469
     76652E00
D149 8664             (     redirect.asm):00157                 LDA     #100                              ;RETURN CODE
D14B 39               (     redirect.asm):00158                 RTS
                      (     redirect.asm):00159         ;*
                      (     redirect.asm):00160         ;* INPUT DRIVER, READS CHARACTER FROM FILE & RETURN
                      (     redirect.asm):00161         ;*
D14C                  (     redirect.asm):00162         IDRIVER
D14C FFD98F           (     redirect.asm):00163                 STU     SAVEU                             ;SAVE 'U' REGISTER
D14F CED991           (     redirect.asm):00164                 LDU     #FCB                              ;POINT TO INPUT FILE
D152 3F               (     redirect.asm):00165                 SWI
D153 3B               (     redirect.asm):00166                 FCB     59                                ;READ THE CHARACTER
D154 2606             (     redirect.asm):00167                 BNE     IDRIV1                            ;ERROR, ABORT
D156 FED98F           (     redirect.asm):00168                 LDU     SAVEU                             ;RESTORE 'U'
D159 1A04             (     redirect.asm):00169                 ORCC    #%00000100                        ;SET 'Z' FLAG
D15B 39               (     redirect.asm):00170                 RTS
                      (     redirect.asm):00171         ;* END OF FILE, RESTORE DRIVER, AND RETURN NO CHAR READY
D15C                  (     redirect.asm):00172         IDRIV1
D15C BED98D           (     redirect.asm):00173                 LDX     SDRIVER                           ;GET SAVED DRIVER
D15F B6D98B           (     redirect.asm):00174                 LDA     DEVICE                            ;GET DEVICE ID
D162 3F               (     redirect.asm):00175                 SWI
D163 67               (     redirect.asm):00176                 FCB     103                               ;RESET VECTOR
D164 FED98F           (     redirect.asm):00177                 LDU     SAVEU                             ;RESTORE 'U'
D167 86FF             (     redirect.asm):00178                 LDA     #$FF                              ;INDICATE NO CHARACTER
D169 39               (     redirect.asm):00179                 RTS
                      (     redirect.asm):00180         ;*
                      (     redirect.asm):00181         ;* OUTPUT DRIVER, WRITES CHARACTER TO FILE & RETURN
                      (     redirect.asm):00182         ;*
D16A                  (     redirect.asm):00183         ODRIVER
D16A FFD98F           (     redirect.asm):00184                 STU     SAVEU                             ;SAVE 'U' REGISTER
D16D 1F89             (     redirect.asm):00185                 TFR     A,B                               ;SAVE CHAR
D16F 7DD98C           (     redirect.asm):00186                 TST     ALLFLAG                           ;DO WE DO ALL?
D172 270A             (     redirect.asm):00187                 BEQ     ODRIV1                            ;YES, SAVE IT
D174 8120             (     redirect.asm):00188                 CMPA    #' '                              ;CONTROL CODE?
D176 2406             (     redirect.asm):00189                 BHS     ODRIV1                            ;NO, ITS OK
D178 810A             (     redirect.asm):00190                 CMPA    #$0A                              ;LINE-FEED?
D17A 2609             (     redirect.asm):00191                 BNE     ODRIV2                            ;NO, DON'T SAVE
D17C 860D             (     redirect.asm):00192                 LDA     #$0D                              ;CONVERT TO CARRIAGE-RETURN
D17E                  (     redirect.asm):00193         ODRIV1
D17E CED991           (     redirect.asm):00194                 LDU     #FCB                              ;GET FILE CONTROL BLOCK
D181 3F               (     redirect.asm):00195                 SWI
D182 3D               (     redirect.asm):00196                 FCB     61                                ;WRITE THE CHARACTER
D183 2608             (     redirect.asm):00197                 BNE     ODRIV3                            ;ERROR, RESET VECTORS
D185                  (     redirect.asm):00198         ODRIV2
D185 1F98             (     redirect.asm):00199                 TFR     B,A                               ;RESTORE 'B'
D187 FED98F           (     redirect.asm):00200                 LDU     SAVEU                             ;RESTORE 'U'
D18A 1A04             (     redirect.asm):00201                 ORCC    #%00000100                        ;SET 'Z' FLAG
D18C 39               (     redirect.asm):00202                 RTS
                      (     redirect.asm):00203         ;* ERROR DURING WRITE, RETURN TO NORMAL OUTPUT
D18D                  (     redirect.asm):00204         ODRIV3
D18D 3404             (     redirect.asm):00205                 PSHS    B                                 ;SAVE 'B'
D18F BED98D           (     redirect.asm):00206                 LDX     SDRIVER                           ;GET SAVED DRIVER
D192 B6D98B           (     redirect.asm):00207                 LDA     DEVICE                            ;GET DEVICE
D195 3F               (     redirect.asm):00208                 SWI
D196 67               (     redirect.asm):00209                 FCB     103                               ;RESTORE VECTOR
D197 FED98F           (     redirect.asm):00210                 LDU     SAVEU                             ;RESTORE 'U'
D19A 3502             (     redirect.asm):00211                 PULS    A                                 ;RESTORE CHRA
D19C 6E84             (     redirect.asm):00212                 JMP     ,X                                ;EXECUTE DRIVER
                      (     redirect.asm):00213         ;* QUALIFIER TABLE
D19E                  (     redirect.asm):00214         QTABLE
D19E 82               (     redirect.asm):00215                 FCB     $82
D19F 2F5752495445     (     redirect.asm):00216                 FCC     '/WRITE'
D1A5 82               (     redirect.asm):00217                 FCB     $82
D1A6 2F434C4F5345     (     redirect.asm):00218                 FCC     '/CLOSE'
D1AC 82               (     redirect.asm):00219                 FCB     $82
D1AD 2F414C4C         (     redirect.asm):00220                 FCC     '/ALL'
D1B1 80               (     redirect.asm):00221                 FCB     $80                               ;END OF TABLE
     0003             (     redirect.asm):00222         QMAX            = 3
     D1B2             (     redirect.asm):00223         QFLAGS          = *
D1B2                  (     redirect.asm):00224         WRITE
D1B2 FF               (     redirect.asm):00225                 FCB     $FF                               ;ASSIGN FOR WRITE
D1B3                  (     redirect.asm):00226         CLOSE
D1B3 FF               (     redirect.asm):00227                 FCB     $FF                               ;CLOSE OPEN FILE
D1B4                  (     redirect.asm):00228         ALL
D1B4 FF               (     redirect.asm):00229                 FCB     $FF                               ;SAVE ALL CHARACTERS
D1B5                  (     redirect.asm):00230         ACTIVE
D1B5 00               (     redirect.asm):00231                 FCB     0                                 ;REDIRECT IS ACTIVE FLAG
                      (     redirect.asm):00232         ;* GLOBAL LOCATIONS
                      (     redirect.asm):00233                 ORG     OSEND-DSIZE                       ;1K FROM TOP OF RAM
D98B                  (     redirect.asm):00234         DEVICE
D98B                  (     redirect.asm):00235                 RMB     1                                 ;INPUT DEVICE
D98C                  (     redirect.asm):00236         ALLFLAG
D98C                  (     redirect.asm):00237                 RMB     1                                 ;GET ALL FLAG
D98D                  (     redirect.asm):00238         SDRIVER
D98D                  (     redirect.asm):00239                 RMB     2                                 ;OLD DRIVER VECTOR
D98F                  (     redirect.asm):00240         SAVEU
D98F                  (     redirect.asm):00241                 RMB     2                                 ;SAVED 'U' REGISTER
D991                  (     redirect.asm):00242         FCB
D991                  (     redirect.asm):00243                 RMB     522                               ;INPUT FILE CONTROL BLOCK
DB9B                  (     redirect.asm):00244         DRIVER
DB9B                  (     redirect.asm):00245                 RMB     100                               ;DRIVER GOES HERE
     0274             (     redirect.asm):00246         DSIZE           = *-DEVICE                        ;SIZE OF LOCAL STORAGE

Symbol Table:
[ G] ABORT                            D0B4
[ G] ACTIVE                           D1B5
[ G] ALL                              D1B4
[ G] ALLFLAG                          D98C
[ G] CLOSE                            D1B3
[ G] DEVICE                           D98B
[ G] DOCLOSE                          D0B5
[ G] DRIVER                           DB9B
[ G] DSIZE                            0274
[ G] DSQU1                            D06B
[ G] ERROR1                           D12B
[ G] ERROR2                           D0C9
[ G] FCB                              D991
[ G] GOABO                            D07D
[ G] IDRIV1                           D15C
[ G] IDRIVER                          D14C
[ G] INST1                            D111
[ G] INSTALL                          D10B
[ G] MAIN                             D084
[ G] MAIN1                            D099
[ G] MAIN2                            D0AA
[ G] MAIN3                            D0AE
[ G] ODRIV1                           D17E
[ G] ODRIV2                           D185
[ G] ODRIV3                           D18D
[ G] ODRIVER                          D16A
[ G] OPEN                             D0E6
[ G] OPWRITE                          D0FF
[ G] OSEND                            DBFF
[ G] OSRAM                            2000
[ G] OSUTIL                           D000
[ G] QERR                             D053
[ G] QFLAGS                           D1B2
[ G] QMAX                             0003
[ G] QTABLE                           D19E
[ G] QUAL                             D03D
[ G] REDIR                            D000
[ G] SAVEU                            D98F
[ G] SDRIVER                          D98D
[ G] WRITE                            D1B2
