                      (         type.asm):00001         ;*
                      (         type.asm):00002         ;* TYPE: Display file/memory/disk on console or list device
                      (         type.asm):00003         ;*
                      (         type.asm):00004         ;* Copyright 1983-2005 Dave Dunfield
                      (         type.asm):00005         ;* All rights reserved.
                      (         type.asm):00006         ;*
     2000             (         type.asm):00007         OSRAM           = $2000                           ;APPLICATION RAM AREA
     DBFF             (         type.asm):00008         OSEND           = $DBFF                           ;END OF GENERAL RAM
     D000             (         type.asm):00009         OSUTIL          = $D000                           ;UTILITY ADDRESS SPACE
     0016             (         type.asm):00010         PAGSIZ          = 22                              ;PAGE SIZE
     001B             (         type.asm):00011         ESCCHR          = $1B                             ;ESCAPE CHARACTER
     0009             (         type.asm):00012         TAB             = $09                             ;TAB CHARACTER
     000D             (         type.asm):00013         CR              = $0D                             ;CARRIAGE RETURN
     000A             (         type.asm):00014         LF              = $0A                             ;LINE-FEED
                      (         type.asm):00015         ;* DIRECTORY ENTRY STRUCTURE
                      (         type.asm):00016                 ORG     0
0000                  (         type.asm):00017         DPREFIX
0000                  (         type.asm):00018                 RMB     8                                 ;DIRECTRY PREFIX
0008                  (         type.asm):00019         DNAME
0008                  (         type.asm):00020                 RMB     8                                 ;FILENAME
0010                  (         type.asm):00021         DTYPE
0010                  (         type.asm):00022                 RMB     3                                 ;FILETYPE
0013                  (         type.asm):00023         DDADR
0013                  (         type.asm):00024                 RMB     2                                 ;DISK ADDRESS
0015                  (         type.asm):00025         DRADR
0015                  (         type.asm):00026                 RMB     2                                 ;RUN ADDRESS
0017                  (         type.asm):00027         DATTR
0017                  (         type.asm):00028                 RMB     1                                 ;FILE ATTRIBUTES
                      (         type.asm):00029         ;*
                      (         type.asm):00030                 ORG     OSUTIL                            ;DOS UTILITY RUN AREA
D000                  (         type.asm):00031         TYPE
D000 813F             (         type.asm):00032                 CMPA    #'?'                              ;QUERY?
D002 2644             (         type.asm):00033                 BNE     QUAL                              ;SHOW HOW IT'S DONE
D004 3F               (         type.asm):00034                 SWI
D005 19               (         type.asm):00035                 FCB     25                                ;DISPLAY MESSAGE
D006 5573653A20545950 (         type.asm):00036                 FCC     'Use: TYPE[/DISK/DUMP/MEMORY/PAGE] <file> or'
     455B2F4449534B2F
     44554D502F4D454D
     4F52592F50414745
     5D203C66696C653E
     206F72
D031 203C616464726573 (         type.asm):00037                 FCN     ' <address> [<device>]'
     733E205B3C646576
     6963653E5D00
D047 39               (         type.asm):00038                 RTS
                      (         type.asm):00039         ;* PARSE FOR COMMAND QUALIFIERS
D048                  (         type.asm):00040         QUAL
D048 A6A4             (         type.asm):00041                 LDA     ,Y                                ;GET CHAR FROM COMMAND LINE
D04A 812F             (         type.asm):00042                 CMPA    #'/'                              ;IS IT A QUALIFIER?
D04C 263A             (         type.asm):00043                 BNE     MAIN                              ;NO, GET PARAMETERS
D04E 8ED1D2           (         type.asm):00044                 LDX     #QTABLE                           ;POINT TO QUALIFIER TABLE
D051 3F               (         type.asm):00045                 SWI
D052 12               (         type.asm):00046                 FCB     18                                ;LOOK IT UP
D053 C104             (         type.asm):00047                 CMPB    #QMAX                             ;IS IT IN RANGE
D055 2407             (         type.asm):00048                 BHS     QERR                              ;IF SO, IT'S INVALID
D057 8ED1ED           (         type.asm):00049                 LDX     #QFLAGS                           ;POINT TO QUALIFIER FLAGS
D05A 6F85             (         type.asm):00050                 CLR     B,X                               ;SET THE FLAG
D05C 20EA             (         type.asm):00051                 BRA     QUAL                              ;LOOK FOR ANOTHER QUALIFIER
D05E                  (         type.asm):00052         QERR
D05E 3F               (         type.asm):00053                 SWI
D05F 18               (         type.asm):00054                 FCB     24                                ;DISPLAY MESSAGE
D060 2F496E76616C6964 (         type.asm):00055                 FCN     '/Invalid qualifier: '
     207175616C696669
     65723A2000
D075 A6A0             (         type.asm):00056                 LDA     ,Y+                               ;GET CHARACTER
D077                  (         type.asm):00057         DSQU1
D077 3F               (         type.asm):00058                 SWI
D078 21               (         type.asm):00059                 FCB     33                                ;DISPLAY
D079 3F               (         type.asm):00060                 SWI
D07A 05               (         type.asm):00061                 FCB     5                                 ;GET NEXT CHAR
D07B 2704             (         type.asm):00062                 BEQ     GOABO                             ;END, EXIT
D07D 812F             (         type.asm):00063                 CMPA    #'/'                              ;START OF ANOTHER QUALIFIER?
D07F 26F6             (         type.asm):00064                 BNE     DSQU1                             ;NO, KEEP DUMPING
D081                  (         type.asm):00065         GOABO
D081 3F               (         type.asm):00066                 SWI
D082 192200           (         type.asm):00067                 FCB     25,$22,0                          ;DISPLAY MESSAGE
D085 8601             (         type.asm):00068                 LDA     #1                                ;INVALID OPERAND RETURN CODE
D087 39               (         type.asm):00069                 RTS
                      (         type.asm):00070         ;* MAIN PGM
D088                  (         type.asm):00071         MAIN
D088 10FFD1F8         (         type.asm):00072                 STS     SAVSTK                            ;SAVE STACK
D08C 3F               (         type.asm):00073                 SWI
D08D 28               (         type.asm):00074                 FCB     40                                ;GET DEFAULT DEVICE
D08E B7D1F3           (         type.asm):00075                 STA     >DEVICE                           ;SET DEFAULT
D091 4F               (         type.asm):00076                 CLRA                                      ;     ZERO HIGH
D092 5F               (         type.asm):00077                 CLRB                                      ;     ZERO LOW
D093 FDD1F4           (         type.asm):00078                 STD     MEMADR                            ;INIT TO ZERO OFFSET
D096 B6D1F0           (         type.asm):00079                 LDA     MEMORY                            ;ARE WE REFERENCING MEMORY?
D099 2724             (         type.asm):00080                 BEQ     MEMREF                            ;IF SO, DISPLAY IT
D09B B6D1EF           (         type.asm):00081                 LDA     DISK                              ;ARE WE DISPLAYING DATA FROM DISK
D09E 262E             (         type.asm):00082                 BNE     GETFIL                            ;NO, GET FILENAME
                      (         type.asm):00083         ;* READ ABSOLUTE DISK ADDRESES
D0A0 3F               (         type.asm):00084                 SWI
D0A1 08               (         type.asm):00085                 FCB     8                                 ;GET ADDRESS
D0A2 10260126         (         type.asm):00086                 LBNE    ABORT                             ;ERROR, QUIT
D0A6 8D04             (         type.asm):00087                 BSR     GETDEV                            ;GET DEVICE
D0A8 1F10             (         type.asm):00088                 TFR     X,D                               ;COPY TO D
D0AA 2033             (         type.asm):00089                 BRA     DMPF1                             ;DUMP IT
                      (         type.asm):00090         ;* GET DEVICE IF ANY
D0AC                  (         type.asm):00091         GETDEV
D0AC 3410             (         type.asm):00092                 PSHS    X
D0AE 3F               (         type.asm):00093                 SWI
D0AF 04               (         type.asm):00094                 FCB     4                                 ;MORE OPERANDS?
D0B0 270B             (         type.asm):00095                 BEQ     GETD1                             ;NO, EXIT
D0B2 3F               (         type.asm):00096                 SWI
D0B3 06               (         type.asm):00097                 FCB     6                                 ;GET DEVICE ID
D0B4 10260114         (         type.asm):00098                 LBNE    ABORT                             ;ERROR
D0B8 C507             (         type.asm):00099                 BITB    #7                                ;INSURE IN RANGE
D0BA F7D1F3           (         type.asm):00100                 STB     >DEVICE                           ;SET NEW DEVICE
D0BD                  (         type.asm):00101         GETD1
D0BD 3590             (         type.asm):00102                 PULS    X,PC
                      (         type.asm):00103         ;* DISPLAY MEMORY
D0BF                  (         type.asm):00104         MEMREF
D0BF 3F               (         type.asm):00105                 SWI
D0C0 07               (         type.asm):00106                 FCB     7                                 ;GET ADDRESS
D0C1 10260107         (         type.asm):00107                 LBNE    ABORT                             ;GET UPSET IF INVALID
D0C5 BFD1F4           (         type.asm):00108                 STX     MEMADR                            ;SAVE MEMORY ADDRESS
D0C8 8DE2             (         type.asm):00109                 BSR     GETDEV                            ;GET DEVICE
D0CA                  (         type.asm):00110         MEMGO
D0CA 8D2C             (         type.asm):00111                 BSR     DMPRAM                            ;DISPLAY IT
D0CC 20FC             (         type.asm):00112                 BRA     MEMGO                             ;CONTINUE
                      (         type.asm):00113         ;* DISPLAY A FILE
D0CE                  (         type.asm):00114         GETFIL
D0CE 3F               (         type.asm):00115                 SWI
D0CF 0A               (         type.asm):00116                 FCB     10                                ;GET FILENAME
D0D0 102600F8         (         type.asm):00117                 LBNE    ABORT                             ;ERROR, QUIT
D0D4 8DD6             (         type.asm):00118                 BSR     GETDEV                            ;GET DEVICE
D0D6 3F               (         type.asm):00119                 SWI
D0D7 46               (         type.asm):00120                 FCB     70                                ;LOOKUP FOR READ
D0D8 102600F0         (         type.asm):00121                 LBNE    ABORT                             ;IF NOT THERE, QUIT
D0DC EC8813           (         type.asm):00122                 LDD     DDADR,X                           ;GET ADDRESS
D0DF                  (         type.asm):00123         DMPF1
D0DF FDD1F6           (         type.asm):00124                 STD     SECTOR                            ;SAVE SECTOR NUMBER
D0E2 8ED1FA           (         type.asm):00125                 LDX     #WRKSPC                           ;POINT TO IT
D0E5 3F               (         type.asm):00126                 SWI
D0E6 5C               (         type.asm):00127                 FCB     92                                ;READ A WORK SECTOR
D0E7 8D0F             (         type.asm):00128                 BSR     DMPRAM                            ;DISPLAY THIS PORTION
D0E9 FCD1F6           (         type.asm):00129                 LDD     SECTOR                            ;GET SECTOR NUMBER BACK
D0EC 3F               (         type.asm):00130                 SWI
D0ED 4D               (         type.asm):00131                 FCB     77                                ;GET NEXT SECTOR NUMBER
D0EE 2706             (         type.asm):00132                 BEQ     DMPEND                            ;END OF FILE, QUIT
D0F0 10830000         (         type.asm):00133                 CMPD    #0                                ;NO MORE?
D0F4 26E9             (         type.asm):00134                 BNE     DMPF1                             ;GET THIS ONE
D0F6                  (         type.asm):00135         DMPEND
D0F6 4F               (         type.asm):00136                 CLRA                                      ;     ZERO RETURN CODE
D0F7 39               (         type.asm):00137                 RTS
                      (         type.asm):00138         ;*
                      (         type.asm):00139         ;* DUMPS RAM POINTED TO BY X, FOR ONE 1 SECTOR SIZE
                      (         type.asm):00140         ;*
D0F8                  (         type.asm):00141         DMPRAM
D0F8 7DD1EE           (         type.asm):00142                 TST     DUMP                              ;ARE WE DUMPING IN HEX FORMAT
D0FB 2735             (         type.asm):00143                 BEQ     DUMPH                             ;IF SO, DUMP IN HEX
                      (         type.asm):00144         ;* DUMP AS ASCII TEXT
D0FD 108E0200         (         type.asm):00145                 LDY     #512                              ;1 SECTOR
D101 F6D1F1           (         type.asm):00146                 LDB     LINPOS                            ;GET LINE POSITION
D104                  (         type.asm):00147         DSPASC1
D104 A680             (         type.asm):00148                 LDA     ,X+                               ;GET DATA
D106 102B00C1         (         type.asm):00149                 LBMI    XQUIT                             ;END OF FILE
D10A 8120             (         type.asm):00150                 CMPA    #' '                              ;PRINTABLE CHARACTER?
D10C 2419             (         type.asm):00151                 BHS     DSPASC4                           ;YES, ITS OK
                      (         type.asm):00152         ;* CHECK FOR CARRIAGE RETURN (END OF LINE)
D10E 810D             (         type.asm):00153                 CMPA    #$0D                              ;CARRIAGE RETURN?
D110 2606             (         type.asm):00154                 BNE     DSPASC2                           ;NO, TRY NEXT
D112 170089           (         type.asm):00155                 LBSR    CHKPAG                            ;CHECK FOR PAGE STOP
D115 5F               (         type.asm):00156                 CLRB                                      ;     ZERO LINE POSITION
D116 2012             (         type.asm):00157                 BRA     DSPASC5                           ;AND EXIT
                      (         type.asm):00158         ;* CHECK FOR TAB AND SKIP TO TAB STOP
D118                  (         type.asm):00159         DSPASC2
D118 8109             (         type.asm):00160                 CMPA    #TAB                              ;IS IT A TAB?
D11A 260E             (         type.asm):00161                 BNE     DSPASC5                           ;NO, TRY NEXT
D11C 8620             (         type.asm):00162                 LDA     #' '                              ;INDICATE SPACE
D11E                  (         type.asm):00163         DSPASC3
D11E 8D75             (         type.asm):00164                 BSR     OUTPUT                            ;WRITE THE SPACE
D120 5C               (         type.asm):00165                 INCB                                      ;     ADVANCE COUNT
D121 C507             (         type.asm):00166                 BITB    #%00000111      AT NEXT TAB STOP?
D123 26F9             (         type.asm):00167                 BNE     DSPASC3                           ;NO, KEEP GOING
D125 2003             (         type.asm):00168                 BRA     DSPASC5                           ;TEST AGAIN
                      (         type.asm):00169         ;* NORMAL CHARACTER TO OUTPUT
D127                  (         type.asm):00170         DSPASC4
D127 5C               (         type.asm):00171                 INCB                                      ;     ADVANCE COUNT
D128 8D6B             (         type.asm):00172                 BSR     OUTPUT                            ;DISPLAY
D12A                  (         type.asm):00173         DSPASC5
D12A 313F             (         type.asm):00174                 LEAY    -1,Y                              ;BACKUP
D12C 26D6             (         type.asm):00175                 BNE     DSPASC1                           ;CONTINUE LOOKING
D12E F7D1F1           (         type.asm):00176                 STB     LINPOS                            ;RESAVE POSITION
D131 39               (         type.asm):00177                 RTS
                      (         type.asm):00178         ;*
                      (         type.asm):00179         ;* DUMP IN HEX
                      (         type.asm):00180         ;*
D132                  (         type.asm):00181         DUMPH
D132 108E0020         (         type.asm):00182                 LDY     #32                               ;32 LINES/SECTOR
D136                  (         type.asm):00183         DMP0
D136 FCD1F4           (         type.asm):00184                 LDD     MEMADR                            ;GET MEMORY ADDRESS
D139 8D46             (         type.asm):00185                 BSR     HEXOUT                            ;DISPLAY IT
D13B 1F98             (         type.asm):00186                 TFR     B,A                               ;GET LOW ADDRESS
D13D 8D42             (         type.asm):00187                 BSR     HEXOUT                            ;DISPLAY IT
D13F FCD1F4           (         type.asm):00188                 LDD     MEMADR                            ;GET ADDRESS BACK
D142 C30010           (         type.asm):00189                 ADDD    #16                               ;ADD 16 BYTES
D145 FDD1F4           (         type.asm):00190                 STD     MEMADR                            ;RESAVE
D148 C610             (         type.asm):00191                 LDB     #16                               ;GET NUMBER BYTES/LINE
D14A 3414             (         type.asm):00192                 PSHS    B,X                               ;SAVE
D14C                  (         type.asm):00193         DMP1
D14C 8620             (         type.asm):00194                 LDA     #' '                              ;GET SPACE
D14E C503             (         type.asm):00195                 BITB    #$03                              ;AT A FOUR BYTE BOUNDARY?
D150 2602             (         type.asm):00196                 BNE     NOT4                              ;NO, SKIP IT
D152 8D41             (         type.asm):00197                 BSR     OUTPUT                            ;EXTRA SPACE
D154                  (         type.asm):00198         NOT4
D154 8D3F             (         type.asm):00199                 BSR     OUTPUT                            ;SPACE
D156 A680             (         type.asm):00200                 LDA     ,X+                               ;GET CHAR FROM RAM
D158 8D27             (         type.asm):00201                 BSR     HEXOUT                            ;DISPLAY IT
D15A 5A               (         type.asm):00202                 DECB                                      ;     REDUCE COUNT
D15B 26EF             (         type.asm):00203                 BNE     DMP1                              ;CONTINUE
D15D 8620             (         type.asm):00204                 LDA     #' '                              ;SPACE
D15F 8D34             (         type.asm):00205                 BSR     OUTPUT                            ;DISPLAY
D161 8D32             (         type.asm):00206                 BSR     OUTPUT                            ;DISPLAY
D163 8D30             (         type.asm):00207                 BSR     OUTPUT                            ;DISPLAY
D165 8D2E             (         type.asm):00208                 BSR     OUTPUT                            ;DISPLAY
D167 3514             (         type.asm):00209                 PULS    B,X                               ;RESTORE REGS
D169                  (         type.asm):00210         DMP2
D169 A680             (         type.asm):00211                 LDA     ,X+                               ;GET CHAR
D16B 8120             (         type.asm):00212                 CMPA    #' '                              ;< SPACE
D16D 2504             (         type.asm):00213                 BLO     UPRT                              ;NOT PRINTABLE
D16F 817F             (         type.asm):00214                 CMPA    #$7F                              ;DELETE?
D171 2502             (         type.asm):00215                 BLO     PRTOK                             ;OK TO DISPLAY
D173                  (         type.asm):00216         UPRT
D173 862E             (         type.asm):00217                 LDA     #'.'                              ;CONVERT TO DOT
D175                  (         type.asm):00218         PRTOK
D175 8D1E             (         type.asm):00219                 BSR     OUTPUT                            ;DISPLAY
D177 5A               (         type.asm):00220                 DECB                                      ;     REDUCE COUNT
D178 26EF             (         type.asm):00221                 BNE     DMP2                              ;CONTINUE
D17A 8D22             (         type.asm):00222                 BSR     CHKPAG                            ;NEWLINE & CHECK PAGE
D17C 313F             (         type.asm):00223                 LEAY    -1,Y                              ;BACKUP A LINE
D17E 26B6             (         type.asm):00224                 BNE     DMP0                              ;CONTINUE
D180                  (         type.asm):00225         EPAGE
D180 39               (         type.asm):00226                 RTS
                      (         type.asm):00227         ;* OUTPUT CONTENTS OF ACCA IN HEX
D181                  (         type.asm):00228         HEXOUT
D181 3402             (         type.asm):00229                 PSHS    A                                 ;SAVE IT
D183 46               (         type.asm):00230                 RORA
D184 46               (         type.asm):00231                 RORA
D185 46               (         type.asm):00232                 RORA
D186 46               (         type.asm):00233                 RORA                                      ;     SHIFT UPPER NIBBLE INTO LOWER
D187 8D02             (         type.asm):00234                 BSR     HOUT                              ;DISPLAY NIBBLE
D189 3502             (         type.asm):00235                 PULS    A                                 ;RESTORE A
D18B                  (         type.asm):00236         HOUT
D18B 840F             (         type.asm):00237                 ANDA    #$0F                              ;MASK OFF CRAP
D18D 8B30             (         type.asm):00238                 ADDA    #'0'                              ;CONVERT TO ASCII
D18F 8139             (         type.asm):00239                 CMPA    #'9'                              ;OVER NUMERIC?
D191 2302             (         type.asm):00240                 BLS     OUTPUT                            ;OK TO DISPLAY
D193 8B07             (         type.asm):00241                 ADDA    #$7                               ;CONVERT TO ALPHA
                      (         type.asm):00242         ;* OUTPUT ROUTINE
D195                  (         type.asm):00243         OUTPUT
D195 3404             (         type.asm):00244                 PSHS    B                                 ;SAVE REGS
D197 F6D1F3           (         type.asm):00245                 LDB     >DEVICE
D19A 3F               (         type.asm):00246                 SWI
D19B 24               (         type.asm):00247                 FCB     36                                ;OUTPUT TO DEVICE
D19C 3584             (         type.asm):00248                 PULS    B,PC                              ;RESTORE REGS
                      (         type.asm):00249         ;* CHECK FOR PAGE END OR <ESCAPE> ABORT COMMAND
D19E                  (         type.asm):00250         CHKPAG
D19E 860A             (         type.asm):00251                 LDA     #$0A                              ;LINE-FEED
D1A0 8DF3             (         type.asm):00252                 BSR     OUTPUT                            ;WRITE IT OUT
D1A2 860D             (         type.asm):00253                 LDA     #$0D                              ;CARRIAGE RETURN
D1A4 8DEF             (         type.asm):00254                 BSR     OUTPUT                            ;WRITE IT OUT
D1A6 B6D1ED           (         type.asm):00255                 LDA     PAGE                              ;ARE WE PAGEING
D1A9 260E             (         type.asm):00256                 BNE     CHKP1                             ;DON'T PAGE IT
D1AB 7AD1F2           (         type.asm):00257                 DEC     PAGPOS                            ;TEST FOR PAGE UNDERFLOW
D1AE 2609             (         type.asm):00258                 BNE     CHKP1                             ;NO PAGE YET
D1B0 8616             (         type.asm):00259                 LDA     #PAGSIZ                           ;RESTORE PAGE SIZE
D1B2 B7D1F2           (         type.asm):00260                 STA     PAGPOS                            ;SAVE PAGE POSITION
D1B5 3F               (         type.asm):00261                 SWI
D1B6 22               (         type.asm):00262                 FCB     34                                ;WAIT FOR A KEY
D1B7 2002             (         type.asm):00263                 BRA     CHKP2                             ;AND CONTINUE
D1B9                  (         type.asm):00264         CHKP1
D1B9 3F               (         type.asm):00265                 SWI
D1BA 23               (         type.asm):00266                 FCB     35                                ;IS THERE A CHARACTER
D1BB                  (         type.asm):00267         CHKP2
D1BB 811B             (         type.asm):00268                 CMPA    #ESCCHR                           ;IS IT AN ESCAPE?
D1BD 26C1             (         type.asm):00269                 BNE     EPAGE                             ;NO, SKIP IT
D1BF 3F               (         type.asm):00270                 SWI
D1C0 19               (         type.asm):00271                 FCB     25                                ;DISPLAY MESSAGE
D1C1 3C41626F72746564 (         type.asm):00272                 FCN     '<Aborted>'
     3E00
                      (         type.asm):00273         ;* EXIT WITH ZERO RETURN CODE
D1CB                  (         type.asm):00274         XQUIT
D1CB 4F               (         type.asm):00275                 CLRA                                      ;     ZERO RC
D1CC                  (         type.asm):00276         ABORT
D1CC 10FED1F8         (         type.asm):00277                 LDS     SAVSTK                            ;GET STACK POINTER BACK
D1D0 4D               (         type.asm):00278                 TSTA                                      ;     SET FLAGS FOR RETURN CODE
D1D1 39               (         type.asm):00279                 RTS
                      (         type.asm):00280         ;* QUALIFIER TABLE
D1D2                  (         type.asm):00281         QTABLE
D1D2 82               (         type.asm):00282                 FCB     $82
D1D3 2F50414745       (         type.asm):00283                 FCC     '/PAGE'
D1D8 82               (         type.asm):00284                 FCB     $82
D1D9 2F44554D50       (         type.asm):00285                 FCC     '/DUMP'
D1DE 82               (         type.asm):00286                 FCB     $82
D1DF 2F4449534B       (         type.asm):00287                 FCC     '/DISK'
D1E4 82               (         type.asm):00288                 FCB     $82
D1E5 2F4D454D4F5259   (         type.asm):00289                 FCC     '/MEMORY'
D1EC 80               (         type.asm):00290                 FCB     $80                               ;END OF TABLE
     0004             (         type.asm):00291         QMAX            = 4                               ;LARGEST QUALIFIER VALUE
                      (         type.asm):00292         ;* QUALIFIER FLAGS
     D1ED             (         type.asm):00293         QFLAGS          = *
D1ED                  (         type.asm):00294         PAGE
D1ED FF               (         type.asm):00295                 FCB     $FF                               ;PAGE OUTPUT
D1EE                  (         type.asm):00296         DUMP
D1EE FF               (         type.asm):00297                 FCB     $FF                               ;DUMP IN HEX FORMAT
D1EF                  (         type.asm):00298         DISK
D1EF FF               (         type.asm):00299                 FCB     $FF                               ;DISPLAY FROM DISK
D1F0                  (         type.asm):00300         MEMORY
D1F0 FF               (         type.asm):00301                 FCB     $FF                               ;DISPLAY MEMORY
                      (         type.asm):00302         ;*
D1F1                  (         type.asm):00303         LINPOS
D1F1 00               (         type.asm):00304                 FCB     0                                 ;POSITION IN LINE
D1F2                  (         type.asm):00305         PAGPOS
D1F2 16               (         type.asm):00306                 FCB     PAGSIZ                            ;POSITION IN PAGE
D1F3                  (         type.asm):00307         DEVICE
D1F3                  (         type.asm):00308                 RMB     1                                 ;OUTPUT DEVICE NUMBER
D1F4                  (         type.asm):00309         MEMADR
D1F4                  (         type.asm):00310                 RMB     2                                 ;MEMORY ADDRESS
D1F6                  (         type.asm):00311         SECTOR
D1F6                  (         type.asm):00312                 RMB     2                                 ;CURRENT SECTOR
D1F8                  (         type.asm):00313         SAVSTK
D1F8                  (         type.asm):00314                 RMB     2                                 ;SAVED STACK POINTER
                      (         type.asm):00315         ;*
     D1FA             (         type.asm):00316         WRKSPC          = *                               ;WORK AREA

Symbol Table:
[ G] ABORT                            D1CC
[ G] CHKP1                            D1B9
[ G] CHKP2                            D1BB
[ G] CHKPAG                           D19E
[ G] CR                               000D
[ G] DATTR                            0017
[ G] DDADR                            0013
[ G] DEVICE                           D1F3
[ G] DISK                             D1EF
[ G] DMP0                             D136
[ G] DMP1                             D14C
[ G] DMP2                             D169
[ G] DMPEND                           D0F6
[ G] DMPF1                            D0DF
[ G] DMPRAM                           D0F8
[ G] DNAME                            0008
[ G] DPREFIX                          0000
[ G] DRADR                            0015
[ G] DSPASC1                          D104
[ G] DSPASC2                          D118
[ G] DSPASC3                          D11E
[ G] DSPASC4                          D127
[ G] DSPASC5                          D12A
[ G] DSQU1                            D077
[ G] DTYPE                            0010
[ G] DUMP                             D1EE
[ G] DUMPH                            D132
[ G] EPAGE                            D180
[ G] ESCCHR                           001B
[ G] GETD1                            D0BD
[ G] GETDEV                           D0AC
[ G] GETFIL                           D0CE
[ G] GOABO                            D081
[ G] HEXOUT                           D181
[ G] HOUT                             D18B
[ G] LF                               000A
[ G] LINPOS                           D1F1
[ G] MAIN                             D088
[ G] MEMADR                           D1F4
[ G] MEMGO                            D0CA
[ G] MEMORY                           D1F0
[ G] MEMREF                           D0BF
[ G] NOT4                             D154
[ G] OSEND                            DBFF
[ G] OSRAM                            2000
[ G] OSUTIL                           D000
[ G] OUTPUT                           D195
[ G] PAGE                             D1ED
[ G] PAGPOS                           D1F2
[ G] PAGSIZ                           0016
[ G] PRTOK                            D175
[ G] QERR                             D05E
[ G] QFLAGS                           D1ED
[ G] QMAX                             0004
[ G] QTABLE                           D1D2
[ G] QUAL                             D048
[ G] SAVSTK                           D1F8
[ G] SECTOR                           D1F6
[ G] TAB                              0009
[ G] TYPE                             D000
[ G] UPRT                             D173
[ G] WRKSPC                           D1FA
[ G] XQUIT                            D1CB
